TN:
SF:src\parser.ts
FN:7,parse
FN:13,loc
FN:18,spanFrom
FN:22,currentLine
FN:26,isEOF
FN:30,skipEmpty
FN:42,getIndent
FN:54,parseString
FN:85,parseValueOnLine
FN:158,parsePropertyLine
FN:194,getValueLength
FN:233,parseProperties
FN:282,parseFields
FN:308,parseSections
FN:334,parseSteps
FN:360,parseHandlers
FN:386,parseRoutes
FN:405,parseProduct
FN:427,parseTopLevel
FNF:19
FNH:14
FNDA:152,parse
FNDA:9109,loc
FNDA:0,spanFrom
FNDA:7309,currentLine
FNDA:10924,isEOF
FNDA:620,skipEmpty
FNDA:8698,getIndent
FNDA:585,parseString
FNDA:2970,parseValueOnLine
FNDA:3048,parsePropertyLine
FNDA:869,getValueLength
FNDA:1399,parseProperties
FNDA:121,parseFields
FNDA:0,parseSections
FNDA:0,parseSteps
FNDA:0,parseHandlers
FNDA:0,parseRoutes
FNDA:152,parseProduct
FNDA:149,parseTopLevel
DA:1,1
DA:2,1
DA:3,1
DA:4,1
DA:5,1
DA:6,1
DA:7,1
DA:8,152
DA:9,152
DA:10,152
DA:11,152
DA:12,152
DA:13,152
DA:14,9109
DA:15,9109
DA:16,9109
DA:17,152
DA:18,152
DA:19,0
DA:20,0
DA:21,152
DA:22,152
DA:23,7309
DA:24,7309
DA:25,152
DA:26,152
DA:27,10924
DA:28,10924
DA:29,152
DA:30,152
DA:31,620
DA:32,626
DA:33,626
DA:34,8
DA:35,626
DA:36,618
DA:37,618
DA:38,626
DA:39,2
DA:40,2
DA:41,152
DA:42,152
DA:43,8698
DA:44,8698
DA:45,8698
DA:46,2
DA:47,2
DA:48,2
DA:49,2
DA:50,2
DA:51,8698
DA:52,8698
DA:53,152
DA:54,152
DA:55,585
DA:56,585
DA:57,585
DA:58,585
DA:59,585
DA:60,585
DA:61,10630
DA:62,584
DA:63,584
DA:64,10630
DA:65,4
DA:66,4
DA:67,3
DA:68,2
DA:69,2
DA:70,1
DA:71,0
DA:72,4
DA:73,10630
DA:74,10042
DA:75,10042
DA:76,10042
DA:77,10630
DA:78,1
DA:79,1
DA:80,1
DA:81,1
DA:82,1
DA:83,1
DA:84,152
DA:85,152
DA:86,2970
DA:87,2970
DA:88,2970
DA:89,2970
DA:90,2970
DA:91,2970
DA:92,355
DA:93,355
DA:94,354
DA:95,354
DA:96,2615
DA:97,2615
DA:98,2970
DA:99,2970
DA:100,2451
DA:101,2451
DA:102,2970
DA:103,44
DA:104,44
DA:105,2970
DA:106,1
DA:107,1
DA:108,2970
DA:109,1
DA:110,1
DA:111,2405
DA:112,2405
DA:113,2970
DA:114,16
DA:115,16
DA:116,16
DA:117,2389
DA:118,2389
DA:119,2389
DA:120,2970
DA:121,245
DA:122,245
DA:123,2144
DA:124,2144
DA:125,2970
DA:126,44
DA:127,44
DA:128,44
DA:129,496
DA:130,43
DA:131,43
DA:132,43
DA:133,496
DA:134,496
DA:135,181
DA:136,232
DA:137,178
DA:138,178
DA:139,178
DA:140,178
DA:141,178
DA:142,178
DA:143,178
DA:144,3
DA:145,3
DA:146,3
DA:147,3
DA:148,82
DA:149,0
DA:150,0
DA:151,496
DA:152,44
DA:153,44
DA:154,2100
DA:155,2100
DA:156,2100
DA:157,152
DA:158,152
DA:159,3048
DA:160,3048
DA:161,3048
DA:162,3048
DA:163,3048
DA:164,3048
DA:165,3048
DA:166,3048
DA:167,3048
DA:168,3048
DA:169,3048
DA:170,2970
DA:171,2970
DA:172,2970
DA:173,2970
DA:174,2970
DA:175,869
DA:176,869
DA:177,869
DA:178,869
DA:179,724
DA:180,869
DA:181,145
DA:182,145
DA:183,145
DA:184,145
DA:185,145
DA:186,2970
DA:187,2101
DA:188,2101
DA:189,2970
DA:190,3048
DA:191,3048
DA:192,3048
DA:193,152
DA:194,152
DA:195,869
DA:196,354
DA:197,354
DA:198,7797
DA:199,7443
DA:200,7443
DA:201,0
DA:202,0
DA:203,869
DA:204,164
DA:205,164
DA:206,869
DA:207,46
DA:208,46
DA:209,0
DA:210,0
DA:211,305
DA:212,869
DA:213,245
DA:214,245
DA:215,0
DA:216,0
DA:217,869
DA:218,44
DA:219,44
DA:220,44
DA:221,1917
DA:222,1917
DA:223,1917
DA:224,1917
DA:225,44
DA:226,44
DA:227,16
DA:228,16
DA:229,16
DA:230,0
DA:231,0
DA:232,152
DA:233,152
DA:234,1399
DA:235,1399
DA:236,4787
DA:237,4787
DA:238,4787
DA:239,605
DA:240,605
DA:241,605
DA:242,4182
DA:243,4182
DA:244,2921
DA:245,2921
DA:246,2921
DA:247,2921
DA:248,4787
DA:249,2921
DA:250,2921
DA:251,2921
DA:252,2921
DA:253,2921
DA:254,2921
DA:255,2921
DA:256,2921
DA:257,2921
DA:258,2921
DA:259,2921
DA:260,3682
DA:261,2844
DA:262,2844
DA:263,2844
DA:264,2844
DA:265,3313
DA:266,3313
DA:267,2801
DA:268,2801
DA:269,2801
DA:270,512
DA:271,512
DA:272,2844
DA:273,213
DA:274,213
DA:275,2844
DA:276,2921
DA:277,2921
DA:278,2921
DA:279,1399
DA:280,1399
DA:281,152
DA:282,152
DA:283,121
DA:284,121
DA:285,600
DA:286,600
DA:287,600
DA:288,598
DA:289,598
DA:290,503
DA:291,503
DA:292,600
DA:293,2
DA:294,2
DA:295,2
DA:296,2
DA:297,2
DA:298,2
DA:299,2
DA:300,501
DA:301,501
DA:302,501
DA:303,501
DA:304,501
DA:305,121
DA:306,121
DA:307,152
DA:308,152
DA:309,0
DA:310,0
DA:311,0
DA:312,0
DA:313,0
DA:314,0
DA:315,0
DA:316,0
DA:317,0
DA:318,0
DA:319,0
DA:320,0
DA:321,0
DA:322,0
DA:323,0
DA:324,0
DA:325,0
DA:326,0
DA:327,0
DA:328,0
DA:329,0
DA:330,0
DA:331,0
DA:332,0
DA:333,152
DA:334,152
DA:335,0
DA:336,0
DA:337,0
DA:338,0
DA:339,0
DA:340,0
DA:341,0
DA:342,0
DA:343,0
DA:344,0
DA:345,0
DA:346,0
DA:347,0
DA:348,0
DA:349,0
DA:350,0
DA:351,0
DA:352,0
DA:353,0
DA:354,0
DA:355,0
DA:356,0
DA:357,0
DA:358,0
DA:359,152
DA:360,152
DA:361,0
DA:362,0
DA:363,0
DA:364,0
DA:365,0
DA:366,0
DA:367,0
DA:368,0
DA:369,0
DA:370,0
DA:371,0
DA:372,0
DA:373,0
DA:374,0
DA:375,0
DA:376,0
DA:377,0
DA:378,0
DA:379,0
DA:380,0
DA:381,0
DA:382,0
DA:383,0
DA:384,0
DA:385,152
DA:386,152
DA:387,0
DA:388,0
DA:389,0
DA:390,0
DA:391,0
DA:392,0
DA:393,0
DA:394,0
DA:395,0
DA:396,0
DA:397,0
DA:398,0
DA:399,0
DA:400,0
DA:401,0
DA:402,0
DA:403,0
DA:404,152
DA:405,152
DA:406,152
DA:407,152
DA:408,2
DA:409,2
DA:410,2
DA:411,150
DA:412,150
DA:413,150
DA:414,152
DA:415,1
DA:416,1
DA:417,1
DA:418,1
DA:419,1
DA:420,1
DA:421,149
DA:422,149
DA:423,149
DA:424,149
DA:425,149
DA:426,152
DA:427,152
DA:428,149
DA:429,149
DA:430,468
DA:431,468
DA:432,468
DA:433,468
DA:434,468
DA:435,468
DA:436,468
DA:437,468
DA:438,468
DA:439,468
DA:440,468
DA:441,468
DA:442,121
DA:443,121
DA:444,121
DA:445,121
DA:446,121
DA:447,121
DA:448,468
DA:449,13
DA:450,13
DA:451,13
DA:452,13
DA:453,13
DA:454,13
DA:455,13
DA:456,78
DA:457,78
DA:458,78
DA:459,69
DA:460,69
DA:461,78
DA:462,39
DA:463,39
DA:464,39
DA:465,39
DA:466,39
DA:467,78
DA:468,21
DA:469,21
DA:470,21
DA:471,21
DA:472,21
DA:473,21
DA:474,21
DA:475,21
DA:476,21
DA:477,21
DA:478,0
DA:479,0
DA:480,21
DA:481,78
DA:482,13
DA:483,13
DA:484,13
DA:485,468
DA:486,58
DA:487,58
DA:488,58
DA:489,58
DA:490,58
DA:491,239
DA:492,239
DA:493,239
DA:494,233
DA:495,233
DA:496,239
DA:497,136
DA:498,136
DA:499,136
DA:500,136
DA:501,136
DA:502,239
DA:503,59
DA:504,59
DA:505,59
DA:506,59
DA:507,59
DA:508,59
DA:509,59
DA:510,59
DA:511,59
DA:512,59
DA:513,59
DA:514,239
DA:515,58
DA:516,58
DA:517,58
DA:518,468
DA:519,52
DA:520,52
DA:521,52
DA:522,52
DA:523,52
DA:524,52
DA:525,468
DA:526,54
DA:527,54
DA:528,54
DA:529,54
DA:530,52
DA:531,52
DA:532,54
DA:533,2
DA:534,2
DA:535,54
DA:536,54
DA:537,54
DA:538,54
DA:539,54
DA:540,468
DA:541,21
DA:542,21
DA:543,21
DA:544,21
DA:545,21
DA:546,111
DA:547,111
DA:548,111
DA:549,97
DA:550,97
DA:551,111
DA:552,34
DA:553,34
DA:554,34
DA:555,34
DA:556,111
DA:557,47
DA:558,47
DA:559,47
DA:560,47
DA:561,47
DA:562,47
DA:563,47
DA:564,47
DA:565,47
DA:566,47
DA:567,47
DA:568,111
DA:569,21
DA:570,21
DA:571,21
DA:572,468
DA:573,27
DA:574,27
DA:575,27
DA:576,27
DA:577,27
DA:578,27
DA:579,468
DA:580,30
DA:581,30
DA:582,30
DA:583,30
DA:584,30
DA:585,30
DA:586,123
DA:587,123
DA:588,123
DA:589,123
DA:590,123
DA:591,100
DA:592,100
DA:593,100
DA:594,100
DA:595,100
DA:596,100
DA:597,100
DA:598,100
DA:599,100
DA:600,123
DA:601,0
DA:602,0
DA:603,0
DA:604,0
DA:605,0
DA:606,0
DA:607,0
DA:608,0
DA:609,0
DA:610,0
DA:611,0
DA:612,123
DA:613,30
DA:614,30
DA:615,30
DA:616,468
DA:617,12
DA:618,12
DA:619,12
DA:620,12
DA:621,12
DA:622,12
DA:623,468
DA:624,31
DA:625,31
DA:626,31
DA:627,31
DA:628,31
DA:629,31
DA:630,468
DA:631,48
DA:632,48
DA:633,48
DA:634,48
DA:635,48
DA:636,48
DA:637,468
DA:638,1
DA:639,1
DA:640,1
DA:641,1
DA:642,1
DA:643,1
DA:644,468
DA:645,468
DA:646,149
DA:647,149
DA:648,152
DA:649,152
DA:650,152
DA:651,149
DA:652,149
DA:653,149
DA:654,149
DA:655,149
DA:656,149
DA:657,149
DA:658,149
DA:659,149
DA:660,149
DA:661,149
DA:662,149
LF:662
LH:547
BRDA:7,0,0,152
BRDA:650,1,0,3
BRDA:651,2,0,149
BRDA:13,3,0,9109
BRDA:14,4,0,8651
BRDA:14,5,0,458
BRDA:22,6,0,7309
BRDA:23,7,0,7301
BRDA:23,8,0,8
BRDA:26,9,0,10924
BRDA:30,10,0,620
BRDA:31,11,0,626
BRDA:33,12,0,622
BRDA:33,13,0,8
BRDA:35,14,0,618
BRDA:39,15,0,2
BRDA:42,16,0,8698
BRDA:44,17,0,53215
BRDA:44,18,0,44554
BRDA:45,19,0,7101
BRDA:45,20,0,7101
BRDA:45,21,0,2
BRDA:54,22,0,585
BRDA:56,23,0,0
BRDA:57,24,0,0
BRDA:60,25,0,10630
BRDA:61,26,0,584
BRDA:61,27,0,584
BRDA:64,28,0,10046
BRDA:64,29,0,4
BRDA:64,30,0,4
BRDA:66,31,0,1
BRDA:67,32,0,3
BRDA:67,33,0,1
BRDA:68,34,0,2
BRDA:68,35,0,0
BRDA:69,36,0,1
BRDA:71,37,0,0
BRDA:73,38,0,10042
BRDA:78,39,0,1
BRDA:85,40,0,2970
BRDA:87,41,0,0
BRDA:88,42,0,0
BRDA:91,43,0,355
BRDA:93,44,0,1
BRDA:94,45,0,354
BRDA:96,46,0,2615
BRDA:98,47,0,156
BRDA:99,48,0,2459
BRDA:99,49,0,8
BRDA:100,50,0,2451
BRDA:102,51,0,44
BRDA:102,52,0,0
BRDA:102,53,0,0
BRDA:102,54,0,44
BRDA:105,55,0,2407
BRDA:105,56,0,1
BRDA:105,57,0,0
BRDA:105,58,0,0
BRDA:105,59,0,1
BRDA:108,60,0,2406
BRDA:108,61,0,1
BRDA:108,62,0,0
BRDA:108,63,0,0
BRDA:108,64,0,1
BRDA:111,65,0,2405
BRDA:113,66,0,16
BRDA:117,67,0,2389
BRDA:120,68,0,245
BRDA:123,69,0,2144
BRDA:125,70,0,44
BRDA:128,71,0,496
BRDA:129,72,0,43
BRDA:133,73,0,453
BRDA:133,74,0,135
BRDA:134,75,0,318
BRDA:134,76,0,137
BRDA:135,77,0,232
BRDA:135,78,0,181
BRDA:136,79,0,178
BRDA:144,80,0,82
BRDA:144,81,0,3
BRDA:148,82,0,0
BRDA:154,83,0,2100
BRDA:158,84,0,3048
BRDA:160,85,0,0
BRDA:163,86,0,0
BRDA:169,87,0,2970
BRDA:174,88,0,869
BRDA:178,89,0,724
BRDA:180,90,0,145
BRDA:186,91,0,2101
BRDA:194,92,0,869
BRDA:195,93,0,354
BRDA:197,94,0,7797
BRDA:198,95,0,355
BRDA:198,96,0,354
BRDA:199,97,0,7443
BRDA:201,98,0,0
BRDA:203,99,0,515
BRDA:203,100,0,359
BRDA:203,101,0,164
BRDA:204,102,0,156
BRDA:204,103,0,8
BRDA:206,104,0,351
BRDA:206,105,0,307
BRDA:206,106,0,306
BRDA:206,107,0,46
BRDA:207,108,0,44
BRDA:207,109,0,2
BRDA:208,110,0,0
BRDA:208,111,0,0
BRDA:208,112,0,0
BRDA:209,113,0,0
BRDA:211,114,0,305
BRDA:212,115,0,245
BRDA:214,116,0,116
BRDA:214,117,0,0
BRDA:214,118,0,0
BRDA:215,119,0,0
BRDA:217,120,0,60
BRDA:217,121,0,44
BRDA:220,122,0,1917
BRDA:220,123,0,1917
BRDA:221,124,0,0
BRDA:222,125,0,44
BRDA:227,126,0,16
BRDA:228,127,0,0
BRDA:230,128,0,0
BRDA:233,129,0,1399
BRDA:235,130,0,4787
BRDA:238,131,0,4186
BRDA:238,132,0,605
BRDA:242,133,0,4182
BRDA:243,134,0,1261
BRDA:244,135,0,2921
BRDA:248,136,0,0
BRDA:249,137,0,3682
BRDA:249,138,0,2921
BRDA:260,139,0,2844
BRDA:264,140,0,3313
BRDA:266,141,0,2803
BRDA:266,142,0,2801
BRDA:270,143,0,512
BRDA:272,144,0,213
BRDA:276,145,0,2921
BRDA:282,146,0,121
BRDA:284,147,0,600
BRDA:287,148,0,599
BRDA:287,149,0,2
BRDA:288,150,0,598
BRDA:289,151,0,95
BRDA:290,152,0,503
BRDA:292,153,0,2
BRDA:300,154,0,501
BRDA:405,155,0,152
BRDA:407,156,0,2
BRDA:411,157,0,150
BRDA:414,158,0,1
BRDA:421,159,0,149
BRDA:427,160,0,149
BRDA:429,161,0,468
BRDA:431,162,0,0
BRDA:435,163,0,0
BRDA:441,164,0,121
BRDA:448,165,0,13
BRDA:455,166,0,78
BRDA:458,167,0,69
BRDA:458,168,0,9
BRDA:459,169,0,69
BRDA:460,170,0,9
BRDA:461,171,0,60
BRDA:461,172,0,39
BRDA:467,173,0,21
BRDA:474,174,0,0
BRDA:477,175,0,0
BRDA:485,176,0,58
BRDA:490,177,0,239
BRDA:493,178,0,233
BRDA:493,179,0,6
BRDA:494,180,0,233
BRDA:495,181,0,38
BRDA:496,182,0,195
BRDA:496,183,0,136
BRDA:502,184,0,59
BRDA:509,185,0,2
BRDA:512,186,0,0
BRDA:518,187,0,52
BRDA:525,188,0,54
BRDA:529,189,0,52
BRDA:532,190,0,2
BRDA:540,191,0,21
BRDA:545,192,0,111
BRDA:548,193,0,97
BRDA:548,194,0,14
BRDA:549,195,0,97
BRDA:550,196,0,16
BRDA:551,197,0,81
BRDA:551,198,0,34
BRDA:556,199,0,47
BRDA:563,200,0,1
BRDA:566,201,0,0
BRDA:572,202,0,27
BRDA:579,203,0,30
BRDA:581,204,0,11
BRDA:585,205,0,123
BRDA:588,206,0,0
BRDA:590,207,0,23
BRDA:591,208,0,100
BRDA:600,209,0,0
BRDA:616,210,0,12
BRDA:623,211,0,31
BRDA:630,212,0,48
BRDA:637,213,0,1
BRF:214
BRH:179
end_of_record
TN:
SF:src\validator.ts
FN:10,validate
FN:88,findProperty
FN:92,hasProperty
FN:96,validateData
FN:123,validateFlow
FN:151,validateRule
FN:160,validateScreen
FN:166,validateAgent
FN:175,validateApi
FN:184,validateConfig
FN:190,validateDeploy
FN:196,validateExample
FN:202,validateEvent
FN:208,validateSkill
FN:214,validateReferences
FNF:15
FNH:14
FNDA:123,validate
FNDA:0,findProperty
FNDA:822,hasProperty
FNDA:148,validateData
FNDA:69,validateFlow
FNDA:74,validateRule
FNDA:15,validateScreen
FNDA:26,validateAgent
FNDA:38,validateApi
FNDA:37,validateConfig
FNDA:70,validateDeploy
FNDA:80,validateExample
FNDA:14,validateEvent
FNDA:36,validateSkill
FNDA:73,validateReferences
DA:1,1
DA:2,1
DA:3,1
DA:4,1
DA:5,1
DA:6,1
DA:7,1
DA:8,1
DA:9,1
DA:10,1
DA:11,123
DA:12,123
DA:13,123
DA:14,123
DA:15,123
DA:16,123
DA:17,607
DA:18,607
DA:19,489
DA:20,3
DA:21,3
DA:22,3
DA:23,3
DA:24,3
DA:25,489
DA:26,489
DA:27,607
DA:28,123
DA:29,123
DA:30,123
DA:31,607
DA:32,607
DA:33,148
DA:34,148
DA:35,607
DA:36,69
DA:37,69
DA:38,607
DA:39,74
DA:40,74
DA:41,607
DA:42,15
DA:43,15
DA:44,607
DA:45,26
DA:46,26
DA:47,607
DA:48,38
DA:49,38
DA:50,607
DA:51,37
DA:52,37
DA:53,607
DA:54,70
DA:55,70
DA:56,607
DA:57,80
DA:58,80
DA:59,607
DA:60,14
DA:61,14
DA:62,607
DA:63,36
DA:64,36
DA:65,607
DA:66,607
DA:67,123
DA:68,123
DA:69,123
DA:70,607
DA:71,607
DA:72,453
DA:73,5
DA:74,5
DA:75,5
DA:76,5
DA:77,453
DA:78,607
DA:79,123
DA:80,123
DA:81,123
DA:82,123
DA:83,123
DA:84,123
DA:85,123
DA:86,123
DA:87,1
DA:88,0
DA:89,0
DA:90,0
DA:91,1
DA:92,822
DA:93,822
DA:94,822
DA:95,1
DA:96,148
DA:97,148
DA:98,1
DA:99,1
DA:100,148
DA:101,2
DA:102,2
DA:103,148
DA:104,148
DA:105,736
DA:106,1
DA:107,1
DA:108,1
DA:109,1
DA:110,1
DA:111,736
DA:112,736
DA:113,736
DA:114,736
DA:115,3
DA:116,3
DA:117,3
DA:118,3
DA:119,3
DA:120,736
DA:121,148
DA:122,1
DA:123,69
DA:124,69
DA:125,2
DA:126,2
DA:127,69
DA:128,1
DA:129,1
DA:130,69
DA:131,69
DA:132,69
DA:133,69
DA:134,69
DA:135,184
DA:136,1
DA:137,1
DA:138,1
DA:139,1
DA:140,1
DA:141,184
DA:142,184
DA:143,69
DA:144,69
DA:145,69
DA:146,69
DA:147,72
DA:148,72
DA:149,69
DA:150,1
DA:151,74
DA:152,74
DA:153,1
DA:154,1
DA:155,74
DA:156,1
DA:157,1
DA:158,74
DA:159,1
DA:160,15
DA:161,15
DA:162,1
DA:163,1
DA:164,15
DA:165,1
DA:166,26
DA:167,26
DA:168,1
DA:169,1
DA:170,26
DA:171,2
DA:172,2
DA:173,26
DA:174,1
DA:175,38
DA:176,38
DA:177,1
DA:178,1
DA:179,38
DA:180,2
DA:181,2
DA:182,38
DA:183,1
DA:184,37
DA:185,37
DA:186,1
DA:187,1
DA:188,37
DA:189,1
DA:190,70
DA:191,70
DA:192,1
DA:193,1
DA:194,70
DA:195,1
DA:196,80
DA:197,80
DA:198,1
DA:199,1
DA:200,80
DA:201,1
DA:202,14
DA:203,14
DA:204,1
DA:205,1
DA:206,14
DA:207,1
DA:208,36
DA:209,36
DA:210,1
DA:211,1
DA:212,36
DA:213,1
DA:214,73
DA:215,73
DA:216,73
DA:217,14
DA:218,14
DA:219,14
DA:220,2
DA:221,2
DA:222,1
DA:223,1
DA:224,1
DA:225,1
DA:226,1
DA:227,2
DA:228,14
DA:229,14
DA:230,12
DA:231,12
DA:232,12
DA:233,2
DA:234,2
DA:235,2
DA:236,2
DA:237,2
DA:238,12
DA:239,14
DA:240,73
DA:241,73
DA:242,73
DA:243,0
DA:244,0
DA:245,0
DA:246,0
DA:247,0
DA:248,0
DA:249,0
DA:250,0
DA:251,0
DA:252,73
DA:253,73
DA:254,1
DA:255,1
DA:256,73
LF:256
LH:244
BRDA:10,0,0,123
BRDA:16,1,0,607
BRDA:18,2,0,489
BRDA:18,3,0,489
BRDA:19,4,0,3
BRDA:30,5,0,607
BRDA:32,6,0,148
BRDA:35,7,0,69
BRDA:38,8,0,74
BRDA:41,9,0,15
BRDA:44,10,0,26
BRDA:47,11,0,38
BRDA:50,12,0,37
BRDA:53,13,0,70
BRDA:56,14,0,80
BRDA:59,15,0,14
BRDA:62,16,0,36
BRDA:69,17,0,607
BRDA:71,18,0,489
BRDA:71,19,0,453
BRDA:71,20,0,453
BRDA:72,21,0,5
BRDA:92,22,0,822
BRDA:93,23,0,932
BRDA:96,24,0,148
BRDA:97,25,0,147
BRDA:97,26,0,1
BRDA:100,27,0,2
BRDA:104,28,0,736
BRDA:105,29,0,1
BRDA:114,30,0,3
BRDA:123,31,0,69
BRDA:124,32,0,2
BRDA:127,33,0,1
BRDA:134,34,0,184
BRDA:135,35,0,1
BRDA:146,36,0,72
BRDA:151,37,0,74
BRDA:152,38,0,1
BRDA:155,39,0,12
BRDA:155,40,0,1
BRDA:160,41,0,15
BRDA:161,42,0,1
BRDA:166,43,0,26
BRDA:167,44,0,1
BRDA:170,45,0,2
BRDA:175,46,0,38
BRDA:176,47,0,1
BRDA:179,48,0,2
BRDA:184,49,0,37
BRDA:185,50,0,1
BRDA:190,51,0,70
BRDA:191,52,0,1
BRDA:196,53,0,80
BRDA:197,54,0,1
BRDA:202,55,0,14
BRDA:203,56,0,1
BRDA:208,57,0,36
BRDA:209,58,0,1
BRDA:214,59,0,73
BRDA:216,60,0,14
BRDA:216,61,0,14
BRDA:219,62,0,2
BRDA:221,63,0,1
BRDA:229,64,0,12
BRDA:232,65,0,3
BRDA:232,66,0,2
BRDA:232,67,0,2
BRDA:242,68,0,0
BRDA:242,69,0,0
BRDA:253,70,0,1
BRF:71
BRH:69
end_of_record
TN:
SF:src\codegen\common.ts
FN:3,<instance_members_initializer>
FN:6,add
FN:10,toString
FN:15,renderValue
FNF:4
FNH:3
FNDA:24,<instance_members_initializer>
FNDA:96,add
FNDA:24,toString
FNDA:0,renderValue
DA:1,1
DA:2,1
DA:3,1
DA:4,24
DA:5,24
DA:6,24
DA:7,96
DA:8,96
DA:9,24
DA:10,24
DA:11,24
DA:12,24
DA:13,24
DA:14,1
DA:15,1
DA:16,0
DA:17,0
DA:18,0
DA:19,0
DA:20,0
DA:21,0
DA:22,0
DA:23,0
DA:24,0
DA:25,0
DA:26,0
DA:27,0
DA:28,0
DA:29,0
DA:30,0
DA:31,0
DA:32,0
DA:33,0
DA:34,0
DA:35,0
DA:36,0
DA:37,0
DA:38,0
DA:39,0
LF:39
LH:15
BRDA:3,0,0,24
BRDA:6,1,0,96
BRDA:10,2,0,24
BRF:3
BRH:3
end_of_record
TN:
SF:src\codegen\express.ts
FN:22,collectDataModels
FN:49,extractDefaultValue
FN:71,parseAcceptFields
FN:76,parseFilterFields
FN:82,parseSort
FN:93,parsePageLimit
FN:99,parseIncludeField
FN:104,parseSetValue
FN:123,parseErrorCode
FN:129,parseErrorMsg
FN:135,extractStatusOrError
FN:145,generateExpressCode
FN:235,generateExpressData
FN:247,inferTsType
FN:263,mapPrim
FN:273,generateRuleBlock
FN:294,generateValidationCode
FN:336,generateApiRoutes
FN:353,generateRoute
FN:415,resolveDataModel
FN:445,generateListHandler
FN:502,generateGetByIdHandler
FN:539,generateCreateHandler
FN:625,generateUpdateHandler
FN:666,generateDeleteHandler
FNF:25
FNH:25
FNDA:6,collectDataModels
FNDA:15,extractDefaultValue
FNDA:2,parseAcceptFields
FNDA:1,parseFilterFields
FNDA:1,parseSort
FNDA:1,parsePageLimit
FNDA:2,parseIncludeField
FNDA:2,parseSetValue
FNDA:3,parseErrorCode
FNDA:3,parseErrorMsg
FNDA:6,extractStatusOrError
FNDA:6,generateExpressCode
FNDA:11,generateExpressData
FNDA:64,inferTsType
FNDA:48,mapPrim
FNDA:6,generateRuleBlock
FNDA:11,generateValidationCode
FNDA:2,generateApiRoutes
FNDA:7,generateRoute
FNDA:7,resolveDataModel
FNDA:2,generateListHandler
FNDA:2,generateGetByIdHandler
FNDA:1,generateCreateHandler
FNDA:1,generateUpdateHandler
FNDA:1,generateDeleteHandler
DA:1,1
DA:2,1
DA:3,1
DA:4,1
DA:5,1
DA:6,1
DA:7,1
DA:8,1
DA:9,1
DA:10,1
DA:11,1
DA:12,1
DA:13,1
DA:14,1
DA:15,1
DA:16,1
DA:17,1
DA:18,1
DA:19,1
DA:20,1
DA:21,1
DA:22,6
DA:23,6
DA:24,6
DA:25,47
DA:26,11
DA:27,11
DA:28,64
DA:29,64
DA:30,64
DA:31,109
DA:32,64
DA:33,64
DA:34,64
DA:35,64
DA:36,64
DA:37,64
DA:38,64
DA:39,64
DA:40,64
DA:41,64
DA:42,11
DA:43,11
DA:44,11
DA:45,47
DA:46,6
DA:47,6
DA:48,1
DA:49,15
DA:50,15
DA:51,15
DA:52,15
DA:53,15
DA:54,15
DA:55,15
DA:56,15
DA:57,15
DA:58,15
DA:59,0
DA:60,0
DA:61,0
DA:62,0
DA:63,0
DA:64,0
DA:65,0
DA:66,0
DA:67,0
DA:68,1
DA:69,1
DA:70,1
DA:71,2
DA:72,2
DA:73,2
DA:74,2
DA:75,1
DA:76,1
DA:77,1
DA:78,1
DA:79,1
DA:80,1
DA:81,1
DA:82,1
DA:83,1
DA:84,1
DA:85,1
DA:86,1
DA:87,1
DA:88,1
DA:89,1
DA:90,1
DA:91,1
DA:92,1
DA:93,1
DA:94,1
DA:95,1
DA:96,1
DA:97,1
DA:98,1
DA:99,2
DA:100,2
DA:101,2
DA:102,2
DA:103,1
DA:104,2
DA:105,2
DA:106,2
DA:107,2
DA:108,2
DA:109,2
DA:110,2
DA:111,2
DA:112,2
DA:113,2
DA:114,2
DA:115,0
DA:116,0
DA:117,0
DA:118,0
DA:119,0
DA:120,0
DA:121,0
DA:122,1
DA:123,3
DA:124,3
DA:125,3
DA:126,3
DA:127,3
DA:128,1
DA:129,3
DA:130,3
DA:131,3
DA:132,3
DA:133,3
DA:134,1
DA:135,6
DA:136,6
DA:137,5
DA:138,6
DA:139,6
DA:140,0
DA:141,0
DA:142,1
DA:143,1
DA:144,1
DA:145,1
DA:146,6
DA:147,6
DA:148,6
DA:149,6
DA:150,6
DA:151,6
DA:152,6
DA:153,6
DA:154,6
DA:155,6
DA:156,6
DA:157,6
DA:158,6
DA:159,8
DA:160,6
DA:161,6
DA:162,6
DA:163,6
DA:164,6
DA:165,6
DA:166,6
DA:167,6
DA:168,6
DA:169,6
DA:170,11
DA:171,11
DA:172,11
DA:173,6
DA:174,6
DA:175,6
DA:176,6
DA:177,6
DA:178,11
DA:179,11
DA:180,6
DA:181,6
DA:182,6
DA:183,6
DA:184,6
DA:185,6
DA:186,47
DA:187,6
DA:188,6
DA:189,6
DA:190,6
DA:191,6
DA:192,47
DA:193,6
DA:194,6
DA:195,6
DA:196,6
DA:197,6
DA:198,6
DA:199,6
DA:200,6
DA:201,6
DA:202,6
DA:203,6
DA:204,3
DA:205,3
DA:206,2
DA:207,2
DA:208,6
DA:209,6
DA:210,6
DA:211,6
DA:212,6
DA:213,6
DA:214,6
DA:215,6
DA:216,6
DA:217,6
DA:218,6
DA:219,6
DA:220,6
DA:221,6
DA:222,6
DA:223,6
DA:224,6
DA:225,6
DA:226,6
DA:227,6
DA:228,6
DA:229,6
DA:230,6
DA:231,6
DA:232,1
DA:233,1
DA:234,1
DA:235,11
DA:236,11
DA:237,11
DA:238,11
DA:239,11
DA:240,64
DA:241,64
DA:242,64
DA:243,11
DA:244,11
DA:245,11
DA:246,1
DA:247,64
DA:248,64
DA:249,64
DA:250,5
DA:251,5
DA:252,4
DA:253,4
DA:254,64
DA:255,64
DA:256,6
DA:257,0
DA:258,0
DA:259,64
DA:260,47
DA:261,47
DA:262,1
DA:263,48
DA:264,48
DA:265,48
DA:266,48
DA:267,48
DA:268,48
DA:269,48
DA:270,1
DA:271,1
DA:272,1
DA:273,6
DA:274,6
DA:275,6
DA:276,6
DA:277,6
DA:278,6
DA:279,6
DA:280,26
DA:281,26
DA:282,11
DA:283,11
DA:284,11
DA:285,11
DA:286,11
DA:287,11
DA:288,26
DA:289,6
DA:290,6
DA:291,6
DA:292,6
DA:293,1
DA:294,11
DA:295,11
DA:296,11
DA:297,11
DA:298,2
DA:299,2
DA:300,9
DA:301,9
DA:302,9
DA:303,11
DA:304,1
DA:305,1
DA:306,8
DA:307,8
DA:308,8
DA:309,11
DA:310,1
DA:311,1
DA:312,7
DA:313,7
DA:314,7
DA:315,11
DA:316,0
DA:317,0
DA:318,7
DA:319,7
DA:320,7
DA:321,11
DA:322,0
DA:323,0
DA:324,0
DA:325,0
DA:326,0
DA:327,0
DA:328,0
DA:329,7
DA:330,7
DA:331,7
DA:332,7
DA:333,1
DA:334,1
DA:335,1
DA:336,2
DA:337,2
DA:338,2
DA:339,2
DA:340,2
DA:341,2
DA:342,2
DA:343,2
DA:344,2
DA:345,2
DA:346,7
DA:347,7
DA:348,2
DA:349,2
DA:350,2
DA:351,2
DA:352,1
DA:353,7
DA:354,7
DA:355,7
DA:356,7
DA:357,7
DA:358,7
DA:359,7
DA:360,7
DA:361,7
DA:362,7
DA:363,7
DA:364,7
DA:365,7
DA:366,7
DA:367,7
DA:368,7
DA:369,7
DA:370,7
DA:371,7
DA:372,7
DA:373,7
DA:374,7
DA:375,7
DA:376,7
DA:377,7
DA:378,7
DA:379,7
DA:380,7
DA:381,7
DA:382,7
DA:383,7
DA:384,7
DA:385,7
DA:386,7
DA:387,7
DA:388,7
DA:389,7
DA:390,4
DA:391,4
DA:392,2
DA:393,2
DA:394,2
DA:395,2
DA:396,7
DA:397,1
DA:398,3
DA:399,1
DA:400,1
DA:401,1
DA:402,1
DA:403,0
DA:404,0
DA:405,7
DA:406,7
DA:407,7
DA:408,7
DA:409,7
DA:410,7
DA:411,7
DA:412,7
DA:413,7
DA:414,1
DA:415,7
DA:416,7
DA:417,7
DA:418,7
DA:419,7
DA:420,7
DA:421,7
DA:422,7
DA:423,7
DA:424,9
DA:425,7
DA:426,7
DA:427,7
DA:428,9
DA:429,0
DA:430,0
DA:431,0
DA:432,0
DA:433,0
DA:434,0
DA:435,0
DA:436,0
DA:437,0
DA:438,0
DA:439,0
DA:440,0
DA:441,0
DA:442,1
DA:443,1
DA:444,1
DA:445,2
DA:446,2
DA:447,2
DA:448,2
DA:449,2
DA:450,2
DA:451,2
DA:452,2
DA:453,2
DA:454,2
DA:455,1
DA:456,1
DA:457,3
DA:458,3
DA:459,1
DA:460,2
DA:461,2
DA:462,1
DA:463,1
DA:464,1
DA:465,1
DA:466,1
DA:467,1
DA:468,1
DA:469,1
DA:470,1
DA:471,1
DA:472,1
DA:473,1
DA:474,0
DA:475,0
DA:476,0
DA:477,0
DA:478,0
DA:479,0
DA:480,0
DA:481,0
DA:482,0
DA:483,1
DA:484,1
DA:485,2
DA:486,2
DA:487,1
DA:488,1
DA:489,1
DA:490,1
DA:491,1
DA:492,1
DA:493,1
DA:494,1
DA:495,1
DA:496,1
DA:497,1
DA:498,1
DA:499,1
DA:500,2
DA:501,1
DA:502,2
DA:503,2
DA:504,2
DA:505,2
DA:506,2
DA:507,2
DA:508,2
DA:509,2
DA:510,2
DA:511,2
DA:512,2
DA:513,2
DA:514,2
DA:515,2
DA:516,2
DA:517,2
DA:518,2
DA:519,2
DA:520,2
DA:521,2
DA:522,1
DA:523,1
DA:524,1
DA:525,1
DA:526,2
DA:527,2
DA:528,2
DA:529,1
DA:530,1
DA:531,1
DA:532,1
DA:533,2
DA:534,2
DA:535,0
DA:536,0
DA:537,2
DA:538,1
DA:539,1
DA:540,1
DA:541,1
DA:542,1
DA:543,1
DA:544,1
DA:545,1
DA:546,1
DA:547,1
DA:548,1
DA:549,1
DA:550,1
DA:551,1
DA:552,1
DA:553,1
DA:554,1
DA:555,1
DA:556,0
DA:557,0
DA:558,1
DA:559,1
DA:560,1
DA:561,1
DA:562,1
DA:563,1
DA:564,1
DA:565,1
DA:566,1
DA:567,1
DA:568,1
DA:569,1
DA:570,1
DA:571,1
DA:572,1
DA:573,1
DA:574,1
DA:575,1
DA:576,1
DA:577,5
DA:578,5
DA:579,5
DA:580,1
DA:581,1
DA:582,1
DA:583,1
DA:584,1
DA:585,9
DA:586,9
DA:587,1
DA:588,1
DA:589,1
DA:590,1
DA:591,1
DA:592,9
DA:593,1
DA:594,1
DA:595,1
DA:596,1
DA:597,1
DA:598,1
DA:599,1
DA:600,1
DA:601,1
DA:602,1
DA:603,1
DA:604,1
DA:605,1
DA:606,1
DA:607,1
DA:608,0
DA:609,0
DA:610,1
DA:611,1
DA:612,1
DA:613,1
DA:614,1
DA:615,1
DA:616,1
DA:617,1
DA:618,1
DA:619,1
DA:620,1
DA:621,1
DA:622,1
DA:623,1
DA:624,1
DA:625,1
DA:626,1
DA:627,1
DA:628,1
DA:629,1
DA:630,1
DA:631,1
DA:632,1
DA:633,1
DA:634,1
DA:635,1
DA:636,1
DA:637,1
DA:638,1
DA:639,1
DA:640,1
DA:641,1
DA:642,1
DA:643,1
DA:644,1
DA:645,1
DA:646,6
DA:647,6
DA:648,6
DA:649,1
DA:650,1
DA:651,1
DA:652,1
DA:653,1
DA:654,1
DA:655,1
DA:656,1
DA:657,1
DA:658,0
DA:659,0
DA:660,1
DA:661,1
DA:662,1
DA:663,1
DA:664,1
DA:665,1
DA:666,1
DA:667,1
DA:668,1
DA:669,1
DA:670,1
DA:671,1
DA:672,1
DA:673,1
DA:674,1
DA:675,1
DA:676,1
DA:677,1
DA:678,1
DA:679,1
DA:680,1
DA:681,1
DA:682,1
DA:683,1
DA:684,1
DA:685,0
DA:686,0
DA:687,1
LF:687
LH:624
BRDA:22,0,0,6
BRDA:24,1,0,47
BRDA:25,2,0,11
BRDA:27,3,0,0
BRDA:27,4,0,64
BRDA:29,5,0,0
BRDA:34,6,0,15
BRDA:34,7,0,49
BRDA:36,8,0,6
BRDA:37,9,0,6
BRDA:38,10,0,58
BRDA:40,11,0,3
BRDA:40,12,0,61
BRDA:28,13,0,64
BRDA:30,14,0,109
BRDA:31,15,0,8
BRDA:33,16,0,111
BRDA:35,17,0,106
BRDA:37,18,0,25
BRDA:49,19,0,15
BRDA:52,20,0,5
BRDA:53,21,0,2
BRDA:54,22,0,2
BRDA:54,23,0,0
BRDA:55,24,0,6
BRDA:55,25,0,0
BRDA:56,26,0,0
BRDA:59,27,0,0
BRDA:71,28,0,2
BRDA:73,29,0,11
BRDA:76,30,0,1
BRDA:79,31,0,3
BRDA:82,32,0,1
BRDA:86,33,0,0
BRDA:88,34,0,0
BRDA:89,35,0,0
BRDA:93,36,0,1
BRDA:96,37,0,0
BRDA:99,38,0,2
BRDA:101,39,0,0
BRDA:104,40,0,2
BRDA:108,41,0,0
BRDA:111,42,0,0
BRDA:113,43,0,0
BRDA:115,44,0,0
BRDA:123,45,0,3
BRDA:126,46,0,0
BRDA:129,47,0,3
BRDA:132,48,0,0
BRDA:135,49,0,6
BRDA:136,50,0,1
BRDA:137,51,0,5
BRDA:138,52,0,3
BRDA:139,53,0,2
BRDA:139,54,0,2
BRDA:140,55,0,0
BRDA:145,56,0,6
BRDA:161,57,0,1
BRDA:169,58,0,11
BRDA:177,59,0,11
BRDA:185,60,0,47
BRDA:186,61,0,6
BRDA:203,62,0,3
BRDA:205,63,0,1
BRDA:206,64,0,2
BRDA:220,65,0,3
BRDA:220,66,0,1
BRDA:221,67,0,3
BRDA:158,68,0,8
BRDA:159,69,0,46
BRDA:202,70,0,47
BRDA:218,71,0,44
BRDA:220,72,0,9
BRDA:235,73,0,11
BRDA:239,74,0,64
BRDA:241,75,0,8
BRDA:241,76,0,56
BRDA:247,77,0,64
BRDA:249,78,0,5
BRDA:251,79,0,1
BRDA:252,80,0,4
BRDA:254,81,0,59
BRDA:254,82,0,3
BRDA:255,83,0,56
BRDA:255,84,0,6
BRDA:257,85,0,0
BRDA:259,86,0,50
BRDA:259,87,0,3
BRDA:260,88,0,47
BRDA:256,89,0,25
BRDA:263,90,0,48
BRDA:268,91,0,0
BRDA:273,92,0,6
BRDA:279,93,0,26
BRDA:280,94,0,6
BRDA:281,95,0,20
BRDA:281,96,0,11
BRDA:294,97,0,11
BRDA:297,98,0,2
BRDA:300,99,0,9
BRDA:303,100,0,1
BRDA:306,101,0,8
BRDA:309,102,0,1
BRDA:312,103,0,7
BRDA:315,104,0,0
BRDA:318,105,0,7
BRDA:321,106,0,0
BRDA:329,107,0,7
BRDA:336,108,0,2
BRDA:338,109,0,0
BRDA:338,110,0,0
BRDA:341,111,0,0
BRDA:343,112,0,0
BRDA:345,113,0,7
BRDA:353,114,0,7
BRDA:362,115,0,0
BRDA:363,116,0,0
BRDA:368,117,0,1
BRDA:382,118,0,3
BRDA:382,119,0,4
BRDA:383,120,0,3
BRDA:383,121,0,4
BRDA:384,122,0,3
BRDA:384,123,0,4
BRDA:389,124,0,4
BRDA:390,125,0,2
BRDA:391,126,0,2
BRDA:396,127,0,3
BRDA:396,128,0,1
BRDA:398,129,0,2
BRDA:398,130,0,1
BRDA:402,131,0,0
BRDA:366,132,0,14
BRDA:367,133,0,20
BRDA:371,134,0,15
BRDA:372,135,0,21
BRDA:373,136,0,22
BRDA:374,137,0,21
BRDA:375,138,0,21
BRDA:376,139,0,22
BRDA:377,140,0,20
BRDA:378,141,0,19
BRDA:379,142,0,22
BRDA:415,143,0,7
BRDA:423,144,0,9
BRDA:424,145,0,7
BRDA:429,146,0,0
BRDA:445,147,0,2
BRDA:454,148,0,1
BRDA:456,149,0,3
BRDA:461,150,0,1
BRDA:473,151,0,0
BRDA:486,152,0,1
BRDA:502,153,0,2
BRDA:521,154,0,1
BRDA:521,155,0,1
BRDA:528,156,0,1
BRDA:534,157,0,0
BRDA:520,158,0,9
BRDA:539,159,0,1
BRDA:550,160,0,0
BRDA:555,161,0,0
BRDA:576,162,0,5
BRDA:584,163,0,9
BRDA:585,164,0,1
BRDA:586,165,0,8
BRDA:586,166,0,3
BRDA:586,167,0,2
BRDA:586,168,0,1
BRDA:607,169,0,0
BRDA:620,170,0,0
BRDA:606,171,0,8
BRDA:606,172,0,1
BRDA:611,173,0,9
BRDA:611,174,0,1
BRDA:625,175,0,1
BRDA:645,176,0,6
BRDA:657,177,0,0
BRDA:661,178,0,0
BRDA:666,179,0,1
BRDA:680,180,0,0
BRDA:684,181,0,0
BRF:182
BRH:142
end_of_record
TN:
SF:src\codegen\fastify.ts
FN:22,collectDataModels
FN:49,extractDefaultValue
FN:71,parseAcceptFields
FN:75,parseFilterFields
FN:80,parseSort
FN:90,parsePageLimit
FN:95,parseIncludeField
FN:99,parseSetValue
FN:114,parseErrorCode
FN:119,parseErrorMsg
FN:123,extractStatusOrError
FN:132,generateFastifyCode
FN:226,generateFastifyData
FN:238,inferTsType
FN:254,mapPrim
FN:264,generateRuleBlock
FN:285,generateValidationCode
FN:321,generateApiRoutes
FN:338,generateRoute
FN:397,resolveDataModel
FN:424,generateListHandler
FN:481,generateGetByIdHandler
FN:518,generateCreateHandler
FN:604,generateUpdateHandler
FN:646,generateDeleteHandler
FNF:25
FNH:25
FNDA:6,collectDataModels
FNDA:15,extractDefaultValue
FNDA:2,parseAcceptFields
FNDA:1,parseFilterFields
FNDA:1,parseSort
FNDA:1,parsePageLimit
FNDA:2,parseIncludeField
FNDA:2,parseSetValue
FNDA:3,parseErrorCode
FNDA:3,parseErrorMsg
FNDA:6,extractStatusOrError
FNDA:6,generateFastifyCode
FNDA:11,generateFastifyData
FNDA:64,inferTsType
FNDA:48,mapPrim
FNDA:6,generateRuleBlock
FNDA:11,generateValidationCode
FNDA:2,generateApiRoutes
FNDA:7,generateRoute
FNDA:7,resolveDataModel
FNDA:2,generateListHandler
FNDA:2,generateGetByIdHandler
FNDA:1,generateCreateHandler
FNDA:1,generateUpdateHandler
FNDA:1,generateDeleteHandler
DA:1,1
DA:2,1
DA:3,1
DA:4,1
DA:5,1
DA:6,1
DA:7,1
DA:8,1
DA:9,1
DA:10,1
DA:11,1
DA:12,1
DA:13,1
DA:14,1
DA:15,1
DA:16,1
DA:17,1
DA:18,1
DA:19,1
DA:20,1
DA:21,1
DA:22,6
DA:23,6
DA:24,6
DA:25,47
DA:26,11
DA:27,11
DA:28,64
DA:29,64
DA:30,64
DA:31,109
DA:32,64
DA:33,64
DA:34,64
DA:35,64
DA:36,64
DA:37,64
DA:38,64
DA:39,64
DA:40,64
DA:41,64
DA:42,11
DA:43,11
DA:44,11
DA:45,47
DA:46,6
DA:47,6
DA:48,1
DA:49,15
DA:50,15
DA:51,15
DA:52,15
DA:53,15
DA:54,15
DA:55,15
DA:56,15
DA:57,15
DA:58,15
DA:59,0
DA:60,0
DA:61,0
DA:62,0
DA:63,0
DA:64,0
DA:65,0
DA:66,0
DA:67,0
DA:68,1
DA:69,1
DA:70,1
DA:71,2
DA:72,2
DA:73,2
DA:74,1
DA:75,1
DA:76,1
DA:77,1
DA:78,1
DA:79,1
DA:80,1
DA:81,1
DA:82,1
DA:83,1
DA:84,1
DA:85,1
DA:86,1
DA:87,1
DA:88,1
DA:89,1
DA:90,1
DA:91,1
DA:92,1
DA:93,1
DA:94,1
DA:95,2
DA:96,2
DA:97,2
DA:98,1
DA:99,2
DA:100,2
DA:101,2
DA:102,2
DA:103,2
DA:104,2
DA:105,2
DA:106,2
DA:107,0
DA:108,0
DA:109,0
DA:110,0
DA:111,0
DA:112,0
DA:113,1
DA:114,3
DA:115,3
DA:116,3
DA:117,3
DA:118,1
DA:119,3
DA:120,3
DA:121,3
DA:122,1
DA:123,6
DA:124,6
DA:125,6
DA:126,6
DA:127,0
DA:128,0
DA:129,1
DA:130,1
DA:131,1
DA:132,1
DA:133,6
DA:134,6
DA:135,6
DA:136,6
DA:137,6
DA:138,6
DA:139,6
DA:140,6
DA:141,6
DA:142,6
DA:143,6
DA:144,6
DA:145,6
DA:146,8
DA:147,6
DA:148,6
DA:149,6
DA:150,6
DA:151,6
DA:152,6
DA:153,6
DA:154,6
DA:155,6
DA:156,6
DA:157,11
DA:158,11
DA:159,11
DA:160,6
DA:161,6
DA:162,6
DA:163,6
DA:164,6
DA:165,11
DA:166,11
DA:167,6
DA:168,6
DA:169,6
DA:170,6
DA:171,6
DA:172,6
DA:173,47
DA:174,6
DA:175,6
DA:176,6
DA:177,6
DA:178,6
DA:179,47
DA:180,6
DA:181,6
DA:182,6
DA:183,6
DA:184,6
DA:185,6
DA:186,6
DA:187,6
DA:188,6
DA:189,6
DA:190,6
DA:191,3
DA:192,3
DA:193,2
DA:194,2
DA:195,6
DA:196,6
DA:197,6
DA:198,6
DA:199,6
DA:200,6
DA:201,6
DA:202,6
DA:203,6
DA:204,6
DA:205,6
DA:206,6
DA:207,6
DA:208,6
DA:209,6
DA:210,6
DA:211,6
DA:212,6
DA:213,6
DA:214,6
DA:215,6
DA:216,6
DA:217,6
DA:218,6
DA:219,6
DA:220,6
DA:221,6
DA:222,6
DA:223,1
DA:224,1
DA:225,1
DA:226,11
DA:227,11
DA:228,11
DA:229,11
DA:230,11
DA:231,64
DA:232,64
DA:233,64
DA:234,11
DA:235,11
DA:236,11
DA:237,1
DA:238,64
DA:239,64
DA:240,64
DA:241,5
DA:242,5
DA:243,4
DA:244,4
DA:245,64
DA:246,64
DA:247,6
DA:248,0
DA:249,0
DA:250,64
DA:251,47
DA:252,47
DA:253,1
DA:254,48
DA:255,48
DA:256,48
DA:257,48
DA:258,48
DA:259,48
DA:260,48
DA:261,1
DA:262,1
DA:263,1
DA:264,6
DA:265,6
DA:266,6
DA:267,6
DA:268,6
DA:269,6
DA:270,6
DA:271,26
DA:272,26
DA:273,11
DA:274,11
DA:275,11
DA:276,11
DA:277,11
DA:278,11
DA:279,26
DA:280,6
DA:281,6
DA:282,6
DA:283,6
DA:284,1
DA:285,11
DA:286,11
DA:287,11
DA:288,2
DA:289,2
DA:290,9
DA:291,9
DA:292,11
DA:293,1
DA:294,1
DA:295,8
DA:296,8
DA:297,11
DA:298,1
DA:299,1
DA:300,7
DA:301,7
DA:302,11
DA:303,0
DA:304,0
DA:305,7
DA:306,7
DA:307,11
DA:308,0
DA:309,0
DA:310,0
DA:311,0
DA:312,0
DA:313,0
DA:314,0
DA:315,7
DA:316,7
DA:317,7
DA:318,1
DA:319,1
DA:320,1
DA:321,2
DA:322,2
DA:323,2
DA:324,2
DA:325,2
DA:326,2
DA:327,2
DA:328,2
DA:329,2
DA:330,2
DA:331,7
DA:332,7
DA:333,2
DA:334,2
DA:335,2
DA:336,2
DA:337,1
DA:338,7
DA:339,7
DA:340,7
DA:341,7
DA:342,7
DA:343,7
DA:344,7
DA:345,7
DA:346,7
DA:347,7
DA:348,7
DA:349,7
DA:350,7
DA:351,7
DA:352,7
DA:353,7
DA:354,7
DA:355,7
DA:356,7
DA:357,7
DA:358,7
DA:359,7
DA:360,7
DA:361,7
DA:362,7
DA:363,7
DA:364,7
DA:365,7
DA:366,7
DA:367,7
DA:368,7
DA:369,7
DA:370,7
DA:371,7
DA:372,4
DA:373,4
DA:374,2
DA:375,2
DA:376,2
DA:377,2
DA:378,7
DA:379,1
DA:380,3
DA:381,1
DA:382,1
DA:383,1
DA:384,1
DA:385,0
DA:386,0
DA:387,7
DA:388,7
DA:389,7
DA:390,7
DA:391,7
DA:392,7
DA:393,7
DA:394,7
DA:395,7
DA:396,1
DA:397,7
DA:398,7
DA:399,7
DA:400,7
DA:401,7
DA:402,7
DA:403,7
DA:404,7
DA:405,9
DA:406,7
DA:407,7
DA:408,7
DA:409,9
DA:410,0
DA:411,0
DA:412,0
DA:413,0
DA:414,0
DA:415,0
DA:416,0
DA:417,0
DA:418,0
DA:419,0
DA:420,0
DA:421,1
DA:422,1
DA:423,1
DA:424,2
DA:425,2
DA:426,2
DA:427,2
DA:428,2
DA:429,2
DA:430,2
DA:431,2
DA:432,2
DA:433,2
DA:434,1
DA:435,1
DA:436,3
DA:437,3
DA:438,1
DA:439,2
DA:440,2
DA:441,1
DA:442,1
DA:443,1
DA:444,1
DA:445,1
DA:446,1
DA:447,1
DA:448,1
DA:449,1
DA:450,1
DA:451,1
DA:452,1
DA:453,0
DA:454,0
DA:455,0
DA:456,0
DA:457,0
DA:458,0
DA:459,0
DA:460,0
DA:461,0
DA:462,1
DA:463,1
DA:464,2
DA:465,2
DA:466,1
DA:467,1
DA:468,1
DA:469,1
DA:470,1
DA:471,1
DA:472,1
DA:473,1
DA:474,1
DA:475,1
DA:476,1
DA:477,1
DA:478,1
DA:479,2
DA:480,1
DA:481,2
DA:482,2
DA:483,2
DA:484,2
DA:485,2
DA:486,2
DA:487,2
DA:488,2
DA:489,2
DA:490,2
DA:491,2
DA:492,2
DA:493,2
DA:494,2
DA:495,2
DA:496,2
DA:497,2
DA:498,2
DA:499,2
DA:500,2
DA:501,1
DA:502,1
DA:503,1
DA:504,1
DA:505,2
DA:506,2
DA:507,2
DA:508,1
DA:509,1
DA:510,1
DA:511,1
DA:512,2
DA:513,2
DA:514,0
DA:515,0
DA:516,2
DA:517,1
DA:518,1
DA:519,1
DA:520,1
DA:521,1
DA:522,1
DA:523,1
DA:524,1
DA:525,1
DA:526,1
DA:527,1
DA:528,1
DA:529,1
DA:530,1
DA:531,1
DA:532,1
DA:533,1
DA:534,1
DA:535,0
DA:536,0
DA:537,1
DA:538,1
DA:539,1
DA:540,1
DA:541,1
DA:542,1
DA:543,1
DA:544,1
DA:545,1
DA:546,1
DA:547,1
DA:548,1
DA:549,1
DA:550,1
DA:551,1
DA:552,1
DA:553,1
DA:554,1
DA:555,1
DA:556,5
DA:557,5
DA:558,5
DA:559,1
DA:560,1
DA:561,1
DA:562,1
DA:563,1
DA:564,9
DA:565,9
DA:566,1
DA:567,1
DA:568,1
DA:569,1
DA:570,9
DA:571,1
DA:572,1
DA:573,1
DA:574,1
DA:575,1
DA:576,1
DA:577,1
DA:578,1
DA:579,1
DA:580,1
DA:581,1
DA:582,1
DA:583,1
DA:584,1
DA:585,1
DA:586,0
DA:587,0
DA:588,1
DA:589,1
DA:590,1
DA:591,1
DA:592,1
DA:593,1
DA:594,1
DA:595,1
DA:596,1
DA:597,1
DA:598,1
DA:599,1
DA:600,1
DA:601,1
DA:602,1
DA:603,1
DA:604,1
DA:605,1
DA:606,1
DA:607,1
DA:608,1
DA:609,1
DA:610,1
DA:611,1
DA:612,1
DA:613,1
DA:614,1
DA:615,1
DA:616,1
DA:617,1
DA:618,1
DA:619,1
DA:620,1
DA:621,1
DA:622,1
DA:623,1
DA:624,1
DA:625,1
DA:626,6
DA:627,6
DA:628,6
DA:629,1
DA:630,1
DA:631,1
DA:632,1
DA:633,1
DA:634,1
DA:635,1
DA:636,1
DA:637,0
DA:638,0
DA:639,1
DA:640,1
DA:641,1
DA:642,1
DA:643,1
DA:644,1
DA:645,1
DA:646,1
DA:647,1
DA:648,1
DA:649,1
DA:650,1
DA:651,1
DA:652,1
DA:653,1
DA:654,1
DA:655,1
DA:656,1
DA:657,1
DA:658,1
DA:659,1
DA:660,1
DA:661,1
DA:662,1
DA:663,1
DA:664,1
DA:665,1
DA:666,1
DA:667,0
DA:668,0
DA:669,0
DA:670,1
LF:670
LH:609
BRDA:22,0,0,6
BRDA:24,1,0,47
BRDA:25,2,0,11
BRDA:27,3,0,0
BRDA:27,4,0,64
BRDA:29,5,0,0
BRDA:34,6,0,15
BRDA:34,7,0,49
BRDA:36,8,0,6
BRDA:37,9,0,6
BRDA:38,10,0,58
BRDA:40,11,0,3
BRDA:40,12,0,61
BRDA:28,13,0,64
BRDA:30,14,0,109
BRDA:31,15,0,8
BRDA:33,16,0,111
BRDA:35,17,0,106
BRDA:37,18,0,25
BRDA:49,19,0,15
BRDA:52,20,0,5
BRDA:53,21,0,2
BRDA:54,22,0,2
BRDA:54,23,0,0
BRDA:55,24,0,6
BRDA:55,25,0,0
BRDA:56,26,0,0
BRDA:59,27,0,0
BRDA:71,28,0,2
BRDA:72,29,0,11
BRDA:75,30,0,1
BRDA:77,31,0,3
BRDA:80,32,0,1
BRDA:83,33,0,0
BRDA:85,34,0,0
BRDA:86,35,0,0
BRDA:90,36,0,1
BRDA:92,37,0,0
BRDA:95,38,0,2
BRDA:96,39,0,0
BRDA:99,40,0,2
BRDA:101,41,0,0
BRDA:103,42,0,0
BRDA:105,43,0,0
BRDA:107,44,0,0
BRDA:114,45,0,3
BRDA:116,46,0,0
BRDA:119,47,0,3
BRDA:120,48,0,0
BRDA:123,49,0,6
BRDA:124,50,0,1
BRDA:125,51,0,5
BRDA:125,52,0,3
BRDA:126,53,0,2
BRDA:126,54,0,2
BRDA:127,55,0,0
BRDA:132,56,0,6
BRDA:148,57,0,1
BRDA:156,58,0,11
BRDA:164,59,0,11
BRDA:172,60,0,47
BRDA:173,61,0,6
BRDA:190,62,0,3
BRDA:192,63,0,1
BRDA:193,64,0,2
BRDA:207,65,0,3
BRDA:207,66,0,1
BRDA:208,67,0,3
BRDA:145,68,0,8
BRDA:146,69,0,46
BRDA:189,70,0,47
BRDA:205,71,0,44
BRDA:207,72,0,9
BRDA:226,73,0,11
BRDA:230,74,0,64
BRDA:232,75,0,8
BRDA:232,76,0,56
BRDA:238,77,0,64
BRDA:240,78,0,5
BRDA:242,79,0,1
BRDA:243,80,0,4
BRDA:245,81,0,59
BRDA:245,82,0,3
BRDA:246,83,0,56
BRDA:246,84,0,6
BRDA:248,85,0,0
BRDA:250,86,0,50
BRDA:250,87,0,3
BRDA:251,88,0,47
BRDA:247,89,0,25
BRDA:254,90,0,48
BRDA:259,91,0,0
BRDA:264,92,0,6
BRDA:270,93,0,26
BRDA:271,94,0,6
BRDA:272,95,0,20
BRDA:272,96,0,11
BRDA:285,97,0,11
BRDA:287,98,0,2
BRDA:290,99,0,9
BRDA:292,100,0,1
BRDA:295,101,0,8
BRDA:297,102,0,1
BRDA:300,103,0,7
BRDA:302,104,0,0
BRDA:305,105,0,7
BRDA:307,106,0,0
BRDA:315,107,0,7
BRDA:321,108,0,2
BRDA:323,109,0,0
BRDA:323,110,0,0
BRDA:326,111,0,0
BRDA:328,112,0,0
BRDA:330,113,0,7
BRDA:338,114,0,7
BRDA:347,115,0,0
BRDA:348,116,0,0
BRDA:352,117,0,1
BRDA:364,118,0,3
BRDA:364,119,0,4
BRDA:365,120,0,3
BRDA:365,121,0,4
BRDA:366,122,0,3
BRDA:366,123,0,4
BRDA:371,124,0,4
BRDA:372,125,0,2
BRDA:373,126,0,2
BRDA:378,127,0,3
BRDA:378,128,0,1
BRDA:380,129,0,2
BRDA:380,130,0,1
BRDA:384,131,0,0
BRDA:350,132,0,14
BRDA:351,133,0,20
BRDA:354,134,0,15
BRDA:355,135,0,21
BRDA:356,136,0,22
BRDA:357,137,0,21
BRDA:358,138,0,21
BRDA:359,139,0,22
BRDA:360,140,0,20
BRDA:361,141,0,19
BRDA:362,142,0,22
BRDA:397,143,0,7
BRDA:404,144,0,9
BRDA:405,145,0,7
BRDA:410,146,0,0
BRDA:424,147,0,2
BRDA:433,148,0,1
BRDA:435,149,0,3
BRDA:440,150,0,1
BRDA:452,151,0,0
BRDA:465,152,0,1
BRDA:481,153,0,2
BRDA:500,154,0,1
BRDA:500,155,0,1
BRDA:507,156,0,1
BRDA:513,157,0,0
BRDA:499,158,0,9
BRDA:518,159,0,1
BRDA:529,160,0,0
BRDA:534,161,0,0
BRDA:555,162,0,5
BRDA:563,163,0,9
BRDA:564,164,0,1
BRDA:565,165,0,8
BRDA:565,166,0,3
BRDA:565,167,0,2
BRDA:565,168,0,1
BRDA:585,169,0,0
BRDA:598,170,0,0
BRDA:584,171,0,8
BRDA:584,172,0,1
BRDA:589,173,0,9
BRDA:589,174,0,1
BRDA:604,175,0,1
BRDA:625,176,0,6
BRDA:636,177,0,0
BRDA:640,178,0,0
BRDA:646,179,0,1
BRDA:661,180,0,0
BRDA:666,181,0,0
BRF:182
BRH:142
end_of_record
TN:
SF:src\codegen\hono.ts
FN:22,collectDataModels
FN:49,extractDefaultValue
FN:71,parseAcceptFields
FN:75,parseFilterFields
FN:80,parseSort
FN:90,parsePageLimit
FN:95,parseIncludeField
FN:99,parseSetValue
FN:114,parseErrorCode
FN:119,parseErrorMsg
FN:123,extractStatusOrError
FN:132,generateHonoCode
FN:225,generateHonoData
FN:237,inferTsType
FN:253,mapPrim
FN:263,generateRuleBlock
FN:284,generateValidationCode
FN:320,generateApiRoutes
FN:337,generateRoute
FN:396,resolveDataModel
FN:423,generateListHandler
FN:480,generateGetByIdHandler
FN:516,generateCreateHandler
FN:600,generateUpdateHandler
FN:642,generateDeleteHandler
FNF:25
FNH:25
FNDA:6,collectDataModels
FNDA:15,extractDefaultValue
FNDA:2,parseAcceptFields
FNDA:1,parseFilterFields
FNDA:1,parseSort
FNDA:1,parsePageLimit
FNDA:2,parseIncludeField
FNDA:2,parseSetValue
FNDA:3,parseErrorCode
FNDA:3,parseErrorMsg
FNDA:6,extractStatusOrError
FNDA:6,generateHonoCode
FNDA:11,generateHonoData
FNDA:64,inferTsType
FNDA:48,mapPrim
FNDA:6,generateRuleBlock
FNDA:11,generateValidationCode
FNDA:2,generateApiRoutes
FNDA:7,generateRoute
FNDA:7,resolveDataModel
FNDA:2,generateListHandler
FNDA:2,generateGetByIdHandler
FNDA:1,generateCreateHandler
FNDA:1,generateUpdateHandler
FNDA:1,generateDeleteHandler
DA:1,1
DA:2,1
DA:3,1
DA:4,1
DA:5,1
DA:6,1
DA:7,1
DA:8,1
DA:9,1
DA:10,1
DA:11,1
DA:12,1
DA:13,1
DA:14,1
DA:15,1
DA:16,1
DA:17,1
DA:18,1
DA:19,1
DA:20,1
DA:21,1
DA:22,6
DA:23,6
DA:24,6
DA:25,47
DA:26,11
DA:27,11
DA:28,64
DA:29,64
DA:30,64
DA:31,109
DA:32,64
DA:33,64
DA:34,64
DA:35,64
DA:36,64
DA:37,64
DA:38,64
DA:39,64
DA:40,64
DA:41,64
DA:42,11
DA:43,11
DA:44,11
DA:45,47
DA:46,6
DA:47,6
DA:48,1
DA:49,15
DA:50,15
DA:51,15
DA:52,15
DA:53,15
DA:54,15
DA:55,15
DA:56,15
DA:57,15
DA:58,15
DA:59,0
DA:60,0
DA:61,0
DA:62,0
DA:63,0
DA:64,0
DA:65,0
DA:66,0
DA:67,0
DA:68,1
DA:69,1
DA:70,1
DA:71,2
DA:72,2
DA:73,2
DA:74,1
DA:75,1
DA:76,1
DA:77,1
DA:78,1
DA:79,1
DA:80,1
DA:81,1
DA:82,1
DA:83,1
DA:84,1
DA:85,1
DA:86,1
DA:87,1
DA:88,1
DA:89,1
DA:90,1
DA:91,1
DA:92,1
DA:93,1
DA:94,1
DA:95,2
DA:96,2
DA:97,2
DA:98,1
DA:99,2
DA:100,2
DA:101,2
DA:102,2
DA:103,2
DA:104,2
DA:105,2
DA:106,2
DA:107,0
DA:108,0
DA:109,0
DA:110,0
DA:111,0
DA:112,0
DA:113,1
DA:114,3
DA:115,3
DA:116,3
DA:117,3
DA:118,1
DA:119,3
DA:120,3
DA:121,3
DA:122,1
DA:123,6
DA:124,6
DA:125,6
DA:126,6
DA:127,0
DA:128,0
DA:129,1
DA:130,1
DA:131,1
DA:132,1
DA:133,6
DA:134,6
DA:135,6
DA:136,6
DA:137,6
DA:138,6
DA:139,6
DA:140,6
DA:141,6
DA:142,6
DA:143,6
DA:144,6
DA:145,6
DA:146,6
DA:147,6
DA:148,8
DA:149,6
DA:150,6
DA:151,6
DA:152,6
DA:153,6
DA:154,6
DA:155,6
DA:156,6
DA:157,6
DA:158,6
DA:159,11
DA:160,11
DA:161,11
DA:162,6
DA:163,6
DA:164,6
DA:165,6
DA:166,6
DA:167,11
DA:168,11
DA:169,6
DA:170,6
DA:171,6
DA:172,6
DA:173,6
DA:174,6
DA:175,47
DA:176,6
DA:177,6
DA:178,6
DA:179,6
DA:180,6
DA:181,47
DA:182,6
DA:183,6
DA:184,6
DA:185,6
DA:186,6
DA:187,6
DA:188,6
DA:189,6
DA:190,6
DA:191,6
DA:192,6
DA:193,6
DA:194,3
DA:195,3
DA:196,2
DA:197,2
DA:198,6
DA:199,6
DA:200,6
DA:201,6
DA:202,6
DA:203,6
DA:204,6
DA:205,6
DA:206,6
DA:207,6
DA:208,6
DA:209,6
DA:210,6
DA:211,6
DA:212,6
DA:213,6
DA:214,6
DA:215,6
DA:216,6
DA:217,6
DA:218,6
DA:219,6
DA:220,6
DA:221,6
DA:222,1
DA:223,1
DA:224,1
DA:225,11
DA:226,11
DA:227,11
DA:228,11
DA:229,11
DA:230,64
DA:231,64
DA:232,64
DA:233,11
DA:234,11
DA:235,11
DA:236,1
DA:237,64
DA:238,64
DA:239,64
DA:240,5
DA:241,5
DA:242,4
DA:243,4
DA:244,64
DA:245,64
DA:246,6
DA:247,0
DA:248,0
DA:249,64
DA:250,47
DA:251,47
DA:252,1
DA:253,48
DA:254,48
DA:255,48
DA:256,48
DA:257,48
DA:258,48
DA:259,48
DA:260,1
DA:261,1
DA:262,1
DA:263,6
DA:264,6
DA:265,6
DA:266,6
DA:267,6
DA:268,6
DA:269,6
DA:270,26
DA:271,26
DA:272,11
DA:273,11
DA:274,11
DA:275,11
DA:276,11
DA:277,11
DA:278,26
DA:279,6
DA:280,6
DA:281,6
DA:282,6
DA:283,1
DA:284,11
DA:285,11
DA:286,11
DA:287,2
DA:288,2
DA:289,9
DA:290,9
DA:291,11
DA:292,1
DA:293,1
DA:294,8
DA:295,8
DA:296,11
DA:297,1
DA:298,1
DA:299,7
DA:300,7
DA:301,11
DA:302,0
DA:303,0
DA:304,7
DA:305,7
DA:306,11
DA:307,0
DA:308,0
DA:309,0
DA:310,0
DA:311,0
DA:312,0
DA:313,0
DA:314,7
DA:315,7
DA:316,7
DA:317,1
DA:318,1
DA:319,1
DA:320,2
DA:321,2
DA:322,2
DA:323,2
DA:324,2
DA:325,2
DA:326,2
DA:327,2
DA:328,2
DA:329,2
DA:330,7
DA:331,7
DA:332,2
DA:333,2
DA:334,2
DA:335,2
DA:336,1
DA:337,7
DA:338,7
DA:339,7
DA:340,7
DA:341,7
DA:342,7
DA:343,7
DA:344,7
DA:345,7
DA:346,7
DA:347,7
DA:348,7
DA:349,7
DA:350,7
DA:351,7
DA:352,7
DA:353,7
DA:354,7
DA:355,7
DA:356,7
DA:357,7
DA:358,7
DA:359,7
DA:360,7
DA:361,7
DA:362,7
DA:363,7
DA:364,7
DA:365,7
DA:366,7
DA:367,7
DA:368,7
DA:369,7
DA:370,7
DA:371,4
DA:372,4
DA:373,2
DA:374,2
DA:375,2
DA:376,2
DA:377,7
DA:378,1
DA:379,3
DA:380,1
DA:381,1
DA:382,1
DA:383,1
DA:384,0
DA:385,0
DA:386,7
DA:387,7
DA:388,7
DA:389,7
DA:390,7
DA:391,7
DA:392,7
DA:393,7
DA:394,7
DA:395,1
DA:396,7
DA:397,7
DA:398,7
DA:399,7
DA:400,7
DA:401,7
DA:402,7
DA:403,7
DA:404,9
DA:405,7
DA:406,7
DA:407,7
DA:408,9
DA:409,0
DA:410,0
DA:411,0
DA:412,0
DA:413,0
DA:414,0
DA:415,0
DA:416,0
DA:417,0
DA:418,0
DA:419,0
DA:420,1
DA:421,1
DA:422,1
DA:423,2
DA:424,2
DA:425,2
DA:426,2
DA:427,2
DA:428,2
DA:429,2
DA:430,2
DA:431,2
DA:432,2
DA:433,1
DA:434,1
DA:435,3
DA:436,3
DA:437,1
DA:438,2
DA:439,2
DA:440,1
DA:441,1
DA:442,1
DA:443,1
DA:444,1
DA:445,1
DA:446,1
DA:447,1
DA:448,1
DA:449,1
DA:450,1
DA:451,1
DA:452,0
DA:453,0
DA:454,0
DA:455,0
DA:456,0
DA:457,0
DA:458,0
DA:459,0
DA:460,0
DA:461,1
DA:462,1
DA:463,2
DA:464,2
DA:465,1
DA:466,1
DA:467,1
DA:468,1
DA:469,1
DA:470,1
DA:471,1
DA:472,1
DA:473,1
DA:474,1
DA:475,1
DA:476,1
DA:477,1
DA:478,2
DA:479,1
DA:480,2
DA:481,2
DA:482,2
DA:483,2
DA:484,2
DA:485,2
DA:486,2
DA:487,2
DA:488,2
DA:489,2
DA:490,2
DA:491,2
DA:492,2
DA:493,2
DA:494,2
DA:495,2
DA:496,2
DA:497,2
DA:498,2
DA:499,1
DA:500,1
DA:501,1
DA:502,1
DA:503,2
DA:504,2
DA:505,2
DA:506,1
DA:507,1
DA:508,1
DA:509,1
DA:510,2
DA:511,2
DA:512,0
DA:513,0
DA:514,2
DA:515,1
DA:516,1
DA:517,1
DA:518,1
DA:519,1
DA:520,1
DA:521,1
DA:522,1
DA:523,1
DA:524,1
DA:525,1
DA:526,1
DA:527,1
DA:528,1
DA:529,1
DA:530,1
DA:531,1
DA:532,1
DA:533,1
DA:534,1
DA:535,1
DA:536,1
DA:537,1
DA:538,1
DA:539,1
DA:540,1
DA:541,1
DA:542,1
DA:543,1
DA:544,1
DA:545,1
DA:546,1
DA:547,1
DA:548,1
DA:549,1
DA:550,1
DA:551,1
DA:552,1
DA:553,5
DA:554,5
DA:555,5
DA:556,1
DA:557,1
DA:558,1
DA:559,1
DA:560,1
DA:561,9
DA:562,9
DA:563,1
DA:564,1
DA:565,1
DA:566,1
DA:567,9
DA:568,1
DA:569,1
DA:570,1
DA:571,1
DA:572,1
DA:573,1
DA:574,1
DA:575,1
DA:576,1
DA:577,1
DA:578,1
DA:579,1
DA:580,1
DA:581,1
DA:582,1
DA:583,0
DA:584,0
DA:585,1
DA:586,1
DA:587,1
DA:588,1
DA:589,1
DA:590,1
DA:591,1
DA:592,1
DA:593,1
DA:594,1
DA:595,1
DA:596,1
DA:597,1
DA:598,1
DA:599,1
DA:600,1
DA:601,1
DA:602,1
DA:603,1
DA:604,1
DA:605,1
DA:606,1
DA:607,1
DA:608,1
DA:609,1
DA:610,1
DA:611,1
DA:612,1
DA:613,1
DA:614,1
DA:615,1
DA:616,1
DA:617,1
DA:618,1
DA:619,1
DA:620,1
DA:621,1
DA:622,1
DA:623,6
DA:624,6
DA:625,6
DA:626,1
DA:627,1
DA:628,1
DA:629,1
DA:630,1
DA:631,1
DA:632,1
DA:633,1
DA:634,0
DA:635,0
DA:636,1
DA:637,1
DA:638,1
DA:639,1
DA:640,1
DA:641,1
DA:642,1
DA:643,1
DA:644,1
DA:645,1
DA:646,1
DA:647,1
DA:648,1
DA:649,1
DA:650,1
DA:651,1
DA:652,1
DA:653,1
DA:654,1
DA:655,1
DA:656,1
DA:657,1
DA:658,1
DA:659,1
DA:660,1
DA:661,0
DA:662,0
DA:663,1
LF:663
LH:605
BRDA:22,0,0,6
BRDA:24,1,0,47
BRDA:25,2,0,11
BRDA:27,3,0,0
BRDA:27,4,0,64
BRDA:29,5,0,0
BRDA:34,6,0,15
BRDA:34,7,0,49
BRDA:36,8,0,6
BRDA:37,9,0,6
BRDA:38,10,0,58
BRDA:40,11,0,3
BRDA:40,12,0,61
BRDA:28,13,0,64
BRDA:30,14,0,109
BRDA:31,15,0,8
BRDA:33,16,0,111
BRDA:35,17,0,106
BRDA:37,18,0,25
BRDA:49,19,0,15
BRDA:52,20,0,5
BRDA:53,21,0,2
BRDA:54,22,0,2
BRDA:54,23,0,0
BRDA:55,24,0,6
BRDA:55,25,0,0
BRDA:56,26,0,0
BRDA:59,27,0,0
BRDA:71,28,0,2
BRDA:72,29,0,11
BRDA:75,30,0,1
BRDA:77,31,0,3
BRDA:80,32,0,1
BRDA:83,33,0,0
BRDA:85,34,0,0
BRDA:86,35,0,0
BRDA:90,36,0,1
BRDA:92,37,0,0
BRDA:95,38,0,2
BRDA:96,39,0,0
BRDA:99,40,0,2
BRDA:101,41,0,0
BRDA:103,42,0,0
BRDA:105,43,0,0
BRDA:107,44,0,0
BRDA:114,45,0,3
BRDA:116,46,0,0
BRDA:119,47,0,3
BRDA:120,48,0,0
BRDA:123,49,0,6
BRDA:124,50,0,1
BRDA:125,51,0,5
BRDA:125,52,0,3
BRDA:126,53,0,2
BRDA:126,54,0,2
BRDA:127,55,0,0
BRDA:132,56,0,6
BRDA:150,57,0,1
BRDA:158,58,0,11
BRDA:166,59,0,11
BRDA:174,60,0,47
BRDA:175,61,0,6
BRDA:193,62,0,3
BRDA:195,63,0,1
BRDA:196,64,0,2
BRDA:210,65,0,3
BRDA:210,66,0,1
BRDA:211,67,0,3
BRDA:147,68,0,8
BRDA:148,69,0,46
BRDA:192,70,0,47
BRDA:208,71,0,44
BRDA:210,72,0,9
BRDA:225,73,0,11
BRDA:229,74,0,64
BRDA:231,75,0,8
BRDA:231,76,0,56
BRDA:237,77,0,64
BRDA:239,78,0,5
BRDA:241,79,0,1
BRDA:242,80,0,4
BRDA:244,81,0,59
BRDA:244,82,0,3
BRDA:245,83,0,56
BRDA:245,84,0,6
BRDA:247,85,0,0
BRDA:249,86,0,50
BRDA:249,87,0,3
BRDA:250,88,0,47
BRDA:246,89,0,25
BRDA:253,90,0,48
BRDA:258,91,0,0
BRDA:263,92,0,6
BRDA:269,93,0,26
BRDA:270,94,0,6
BRDA:271,95,0,20
BRDA:271,96,0,11
BRDA:284,97,0,11
BRDA:286,98,0,2
BRDA:289,99,0,9
BRDA:291,100,0,1
BRDA:294,101,0,8
BRDA:296,102,0,1
BRDA:299,103,0,7
BRDA:301,104,0,0
BRDA:304,105,0,7
BRDA:306,106,0,0
BRDA:314,107,0,7
BRDA:320,108,0,2
BRDA:322,109,0,0
BRDA:322,110,0,0
BRDA:325,111,0,0
BRDA:327,112,0,0
BRDA:329,113,0,7
BRDA:337,114,0,7
BRDA:346,115,0,0
BRDA:347,116,0,0
BRDA:351,117,0,1
BRDA:363,118,0,3
BRDA:363,119,0,4
BRDA:364,120,0,3
BRDA:364,121,0,4
BRDA:365,122,0,3
BRDA:365,123,0,4
BRDA:370,124,0,4
BRDA:371,125,0,2
BRDA:372,126,0,2
BRDA:377,127,0,3
BRDA:377,128,0,1
BRDA:379,129,0,2
BRDA:379,130,0,1
BRDA:383,131,0,0
BRDA:349,132,0,14
BRDA:350,133,0,20
BRDA:353,134,0,15
BRDA:354,135,0,21
BRDA:355,136,0,22
BRDA:356,137,0,21
BRDA:357,138,0,21
BRDA:358,139,0,22
BRDA:359,140,0,20
BRDA:360,141,0,19
BRDA:361,142,0,22
BRDA:396,143,0,7
BRDA:403,144,0,9
BRDA:404,145,0,7
BRDA:409,146,0,0
BRDA:423,147,0,2
BRDA:432,148,0,1
BRDA:434,149,0,3
BRDA:439,150,0,1
BRDA:451,151,0,0
BRDA:464,152,0,1
BRDA:480,153,0,2
BRDA:498,154,0,1
BRDA:498,155,0,1
BRDA:505,156,0,1
BRDA:511,157,0,0
BRDA:497,158,0,9
BRDA:516,159,0,1
BRDA:529,160,0,0
BRDA:552,161,0,5
BRDA:560,162,0,9
BRDA:561,163,0,1
BRDA:562,164,0,8
BRDA:562,165,0,3
BRDA:562,166,0,2
BRDA:562,167,0,1
BRDA:582,168,0,0
BRDA:595,169,0,0
BRDA:581,170,0,8
BRDA:581,171,0,1
BRDA:586,172,0,9
BRDA:586,173,0,1
BRDA:600,174,0,1
BRDA:622,175,0,6
BRDA:633,176,0,0
BRDA:637,177,0,0
BRDA:642,178,0,1
BRDA:656,179,0,0
BRDA:660,180,0,0
BRF:181
BRH:142
end_of_record
TN:
SF:src\codegen\index.ts
FN:10,generateCode
FNF:1
FNH:1
FNDA:6,generateCode
DA:1,1
DA:2,1
DA:3,1
DA:4,1
DA:5,1
DA:6,1
DA:7,1
DA:8,1
DA:9,1
DA:10,1
DA:11,6
DA:12,6
DA:13,0
DA:14,6
DA:15,0
DA:16,6
DA:17,0
DA:18,6
DA:19,0
DA:20,6
DA:21,6
DA:22,6
DA:23,6
LF:23
LH:19
BRDA:10,0,0,6
BRDA:12,1,0,0
BRDA:14,2,0,0
BRDA:16,3,0,0
BRDA:18,4,0,0
BRF:5
BRH:1
end_of_record
TN:
SF:src\codegen\koa.ts
FN:22,collectDataModels
FN:49,extractDefaultValue
FN:71,parseAcceptFields
FN:75,parseFilterFields
FN:80,parseSort
FN:90,parsePageLimit
FN:95,parseIncludeField
FN:99,parseSetValue
FN:114,parseErrorCode
FN:119,parseErrorMsg
FN:123,extractStatusOrError
FN:132,generateKoaCode
FN:232,generateKoaData
FN:244,inferTsType
FN:260,mapPrim
FN:270,generateRuleBlock
FN:291,generateValidationCode
FN:327,generateApiRoutes
FN:344,generateRoute
FN:404,resolveDataModel
FN:431,generateListHandler
FN:488,generateGetByIdHandler
FN:526,generateCreateHandler
FN:613,generateUpdateHandler
FN:656,generateDeleteHandler
FNF:25
FNH:25
FNDA:6,collectDataModels
FNDA:15,extractDefaultValue
FNDA:2,parseAcceptFields
FNDA:1,parseFilterFields
FNDA:1,parseSort
FNDA:1,parsePageLimit
FNDA:2,parseIncludeField
FNDA:2,parseSetValue
FNDA:3,parseErrorCode
FNDA:3,parseErrorMsg
FNDA:6,extractStatusOrError
FNDA:6,generateKoaCode
FNDA:11,generateKoaData
FNDA:64,inferTsType
FNDA:48,mapPrim
FNDA:6,generateRuleBlock
FNDA:11,generateValidationCode
FNDA:2,generateApiRoutes
FNDA:7,generateRoute
FNDA:7,resolveDataModel
FNDA:2,generateListHandler
FNDA:2,generateGetByIdHandler
FNDA:1,generateCreateHandler
FNDA:1,generateUpdateHandler
FNDA:1,generateDeleteHandler
DA:1,1
DA:2,1
DA:3,1
DA:4,1
DA:5,1
DA:6,1
DA:7,1
DA:8,1
DA:9,1
DA:10,1
DA:11,1
DA:12,1
DA:13,1
DA:14,1
DA:15,1
DA:16,1
DA:17,1
DA:18,1
DA:19,1
DA:20,1
DA:21,1
DA:22,6
DA:23,6
DA:24,6
DA:25,47
DA:26,11
DA:27,11
DA:28,64
DA:29,64
DA:30,64
DA:31,109
DA:32,64
DA:33,64
DA:34,64
DA:35,64
DA:36,64
DA:37,64
DA:38,64
DA:39,64
DA:40,64
DA:41,64
DA:42,11
DA:43,11
DA:44,11
DA:45,47
DA:46,6
DA:47,6
DA:48,1
DA:49,15
DA:50,15
DA:51,15
DA:52,15
DA:53,15
DA:54,15
DA:55,15
DA:56,15
DA:57,15
DA:58,15
DA:59,0
DA:60,0
DA:61,0
DA:62,0
DA:63,0
DA:64,0
DA:65,0
DA:66,0
DA:67,0
DA:68,1
DA:69,1
DA:70,1
DA:71,2
DA:72,2
DA:73,2
DA:74,1
DA:75,1
DA:76,1
DA:77,1
DA:78,1
DA:79,1
DA:80,1
DA:81,1
DA:82,1
DA:83,1
DA:84,1
DA:85,1
DA:86,1
DA:87,1
DA:88,1
DA:89,1
DA:90,1
DA:91,1
DA:92,1
DA:93,1
DA:94,1
DA:95,2
DA:96,2
DA:97,2
DA:98,1
DA:99,2
DA:100,2
DA:101,2
DA:102,2
DA:103,2
DA:104,2
DA:105,2
DA:106,2
DA:107,0
DA:108,0
DA:109,0
DA:110,0
DA:111,0
DA:112,0
DA:113,1
DA:114,3
DA:115,3
DA:116,3
DA:117,3
DA:118,1
DA:119,3
DA:120,3
DA:121,3
DA:122,1
DA:123,6
DA:124,6
DA:125,6
DA:126,6
DA:127,0
DA:128,0
DA:129,1
DA:130,1
DA:131,1
DA:132,1
DA:133,6
DA:134,6
DA:135,6
DA:136,6
DA:137,6
DA:138,6
DA:139,6
DA:140,6
DA:141,6
DA:142,6
DA:143,6
DA:144,6
DA:145,6
DA:146,6
DA:147,6
DA:148,8
DA:149,6
DA:150,6
DA:151,6
DA:152,6
DA:153,6
DA:154,6
DA:155,6
DA:156,6
DA:157,6
DA:158,6
DA:159,11
DA:160,11
DA:161,11
DA:162,6
DA:163,6
DA:164,6
DA:165,6
DA:166,6
DA:167,11
DA:168,11
DA:169,6
DA:170,6
DA:171,6
DA:172,6
DA:173,6
DA:174,6
DA:175,47
DA:176,6
DA:177,6
DA:178,6
DA:179,6
DA:180,6
DA:181,47
DA:182,6
DA:183,6
DA:184,6
DA:185,6
DA:186,6
DA:187,6
DA:188,6
DA:189,6
DA:190,6
DA:191,6
DA:192,6
DA:193,6
DA:194,6
DA:195,3
DA:196,3
DA:197,2
DA:198,2
DA:199,6
DA:200,6
DA:201,6
DA:202,6
DA:203,6
DA:204,6
DA:205,6
DA:206,6
DA:207,6
DA:208,6
DA:209,6
DA:210,6
DA:211,6
DA:212,6
DA:213,6
DA:214,6
DA:215,6
DA:216,6
DA:217,6
DA:218,6
DA:219,6
DA:220,6
DA:221,6
DA:222,6
DA:223,6
DA:224,6
DA:225,6
DA:226,6
DA:227,6
DA:228,6
DA:229,1
DA:230,1
DA:231,1
DA:232,11
DA:233,11
DA:234,11
DA:235,11
DA:236,11
DA:237,64
DA:238,64
DA:239,64
DA:240,11
DA:241,11
DA:242,11
DA:243,1
DA:244,64
DA:245,64
DA:246,64
DA:247,5
DA:248,5
DA:249,4
DA:250,4
DA:251,64
DA:252,64
DA:253,6
DA:254,0
DA:255,0
DA:256,64
DA:257,47
DA:258,47
DA:259,1
DA:260,48
DA:261,48
DA:262,48
DA:263,48
DA:264,48
DA:265,48
DA:266,48
DA:267,1
DA:268,1
DA:269,1
DA:270,6
DA:271,6
DA:272,6
DA:273,6
DA:274,6
DA:275,6
DA:276,6
DA:277,26
DA:278,26
DA:279,11
DA:280,11
DA:281,11
DA:282,11
DA:283,11
DA:284,11
DA:285,26
DA:286,6
DA:287,6
DA:288,6
DA:289,6
DA:290,1
DA:291,11
DA:292,11
DA:293,11
DA:294,2
DA:295,2
DA:296,9
DA:297,9
DA:298,11
DA:299,1
DA:300,1
DA:301,8
DA:302,8
DA:303,11
DA:304,1
DA:305,1
DA:306,7
DA:307,7
DA:308,11
DA:309,0
DA:310,0
DA:311,7
DA:312,7
DA:313,11
DA:314,0
DA:315,0
DA:316,0
DA:317,0
DA:318,0
DA:319,0
DA:320,0
DA:321,7
DA:322,7
DA:323,7
DA:324,1
DA:325,1
DA:326,1
DA:327,2
DA:328,2
DA:329,2
DA:330,2
DA:331,2
DA:332,2
DA:333,2
DA:334,2
DA:335,2
DA:336,2
DA:337,7
DA:338,7
DA:339,2
DA:340,2
DA:341,2
DA:342,2
DA:343,1
DA:344,7
DA:345,7
DA:346,7
DA:347,7
DA:348,7
DA:349,7
DA:350,7
DA:351,7
DA:352,7
DA:353,7
DA:354,7
DA:355,7
DA:356,7
DA:357,7
DA:358,7
DA:359,7
DA:360,7
DA:361,7
DA:362,7
DA:363,7
DA:364,7
DA:365,7
DA:366,7
DA:367,7
DA:368,7
DA:369,7
DA:370,7
DA:371,7
DA:372,7
DA:373,7
DA:374,7
DA:375,7
DA:376,7
DA:377,7
DA:378,4
DA:379,4
DA:380,2
DA:381,2
DA:382,2
DA:383,2
DA:384,7
DA:385,1
DA:386,3
DA:387,1
DA:388,1
DA:389,1
DA:390,1
DA:391,0
DA:392,0
DA:393,7
DA:394,7
DA:395,7
DA:396,7
DA:397,7
DA:398,7
DA:399,7
DA:400,7
DA:401,7
DA:402,7
DA:403,1
DA:404,7
DA:405,7
DA:406,7
DA:407,7
DA:408,7
DA:409,7
DA:410,7
DA:411,7
DA:412,9
DA:413,7
DA:414,7
DA:415,7
DA:416,9
DA:417,0
DA:418,0
DA:419,0
DA:420,0
DA:421,0
DA:422,0
DA:423,0
DA:424,0
DA:425,0
DA:426,0
DA:427,0
DA:428,1
DA:429,1
DA:430,1
DA:431,2
DA:432,2
DA:433,2
DA:434,2
DA:435,2
DA:436,2
DA:437,2
DA:438,2
DA:439,2
DA:440,2
DA:441,1
DA:442,1
DA:443,3
DA:444,3
DA:445,1
DA:446,2
DA:447,2
DA:448,1
DA:449,1
DA:450,1
DA:451,1
DA:452,1
DA:453,1
DA:454,1
DA:455,1
DA:456,1
DA:457,1
DA:458,1
DA:459,1
DA:460,0
DA:461,0
DA:462,0
DA:463,0
DA:464,0
DA:465,0
DA:466,0
DA:467,0
DA:468,0
DA:469,1
DA:470,1
DA:471,2
DA:472,2
DA:473,1
DA:474,1
DA:475,1
DA:476,1
DA:477,1
DA:478,1
DA:479,1
DA:480,1
DA:481,1
DA:482,1
DA:483,1
DA:484,1
DA:485,1
DA:486,2
DA:487,1
DA:488,2
DA:489,2
DA:490,2
DA:491,2
DA:492,2
DA:493,2
DA:494,2
DA:495,2
DA:496,2
DA:497,2
DA:498,2
DA:499,2
DA:500,2
DA:501,2
DA:502,2
DA:503,2
DA:504,2
DA:505,2
DA:506,2
DA:507,2
DA:508,2
DA:509,1
DA:510,1
DA:511,1
DA:512,1
DA:513,2
DA:514,2
DA:515,2
DA:516,1
DA:517,1
DA:518,1
DA:519,1
DA:520,2
DA:521,2
DA:522,0
DA:523,0
DA:524,2
DA:525,1
DA:526,1
DA:527,1
DA:528,1
DA:529,1
DA:530,1
DA:531,1
DA:532,1
DA:533,1
DA:534,1
DA:535,1
DA:536,1
DA:537,1
DA:538,1
DA:539,1
DA:540,1
DA:541,1
DA:542,1
DA:543,0
DA:544,0
DA:545,1
DA:546,1
DA:547,1
DA:548,1
DA:549,1
DA:550,1
DA:551,1
DA:552,1
DA:553,1
DA:554,1
DA:555,1
DA:556,1
DA:557,1
DA:558,1
DA:559,1
DA:560,1
DA:561,1
DA:562,1
DA:563,1
DA:564,1
DA:565,5
DA:566,5
DA:567,5
DA:568,1
DA:569,1
DA:570,1
DA:571,1
DA:572,1
DA:573,9
DA:574,9
DA:575,1
DA:576,1
DA:577,1
DA:578,1
DA:579,9
DA:580,1
DA:581,1
DA:582,1
DA:583,1
DA:584,1
DA:585,1
DA:586,1
DA:587,1
DA:588,1
DA:589,1
DA:590,1
DA:591,1
DA:592,1
DA:593,1
DA:594,1
DA:595,0
DA:596,0
DA:597,1
DA:598,1
DA:599,1
DA:600,1
DA:601,1
DA:602,1
DA:603,1
DA:604,1
DA:605,1
DA:606,1
DA:607,1
DA:608,1
DA:609,1
DA:610,1
DA:611,1
DA:612,1
DA:613,1
DA:614,1
DA:615,1
DA:616,1
DA:617,1
DA:618,1
DA:619,1
DA:620,1
DA:621,1
DA:622,1
DA:623,1
DA:624,1
DA:625,1
DA:626,1
DA:627,1
DA:628,1
DA:629,1
DA:630,1
DA:631,1
DA:632,1
DA:633,1
DA:634,1
DA:635,1
DA:636,6
DA:637,6
DA:638,6
DA:639,1
DA:640,1
DA:641,1
DA:642,1
DA:643,1
DA:644,1
DA:645,1
DA:646,1
DA:647,0
DA:648,0
DA:649,1
DA:650,1
DA:651,1
DA:652,1
DA:653,1
DA:654,1
DA:655,1
DA:656,1
DA:657,1
DA:658,1
DA:659,1
DA:660,1
DA:661,1
DA:662,1
DA:663,1
DA:664,1
DA:665,1
DA:666,1
DA:667,1
DA:668,1
DA:669,1
DA:670,1
DA:671,1
DA:672,1
DA:673,1
DA:674,1
DA:675,1
DA:676,1
DA:677,1
DA:678,0
DA:679,0
DA:680,0
DA:681,1
LF:681
LH:620
BRDA:22,0,0,6
BRDA:24,1,0,47
BRDA:25,2,0,11
BRDA:27,3,0,0
BRDA:27,4,0,64
BRDA:29,5,0,0
BRDA:34,6,0,15
BRDA:34,7,0,49
BRDA:36,8,0,6
BRDA:37,9,0,6
BRDA:38,10,0,58
BRDA:40,11,0,3
BRDA:40,12,0,61
BRDA:28,13,0,64
BRDA:30,14,0,109
BRDA:31,15,0,8
BRDA:33,16,0,111
BRDA:35,17,0,106
BRDA:37,18,0,25
BRDA:49,19,0,15
BRDA:52,20,0,5
BRDA:53,21,0,2
BRDA:54,22,0,2
BRDA:54,23,0,0
BRDA:55,24,0,6
BRDA:55,25,0,0
BRDA:56,26,0,0
BRDA:59,27,0,0
BRDA:71,28,0,2
BRDA:72,29,0,11
BRDA:75,30,0,1
BRDA:77,31,0,3
BRDA:80,32,0,1
BRDA:83,33,0,0
BRDA:85,34,0,0
BRDA:86,35,0,0
BRDA:90,36,0,1
BRDA:92,37,0,0
BRDA:95,38,0,2
BRDA:96,39,0,0
BRDA:99,40,0,2
BRDA:101,41,0,0
BRDA:103,42,0,0
BRDA:105,43,0,0
BRDA:107,44,0,0
BRDA:114,45,0,3
BRDA:116,46,0,0
BRDA:119,47,0,3
BRDA:120,48,0,0
BRDA:123,49,0,6
BRDA:124,50,0,1
BRDA:125,51,0,5
BRDA:125,52,0,3
BRDA:126,53,0,2
BRDA:126,54,0,2
BRDA:127,55,0,0
BRDA:132,56,0,6
BRDA:150,57,0,1
BRDA:158,58,0,11
BRDA:166,59,0,11
BRDA:174,60,0,47
BRDA:175,61,0,6
BRDA:194,62,0,3
BRDA:196,63,0,1
BRDA:197,64,0,2
BRDA:217,65,0,3
BRDA:217,66,0,1
BRDA:218,67,0,3
BRDA:147,68,0,8
BRDA:148,69,0,46
BRDA:193,70,0,47
BRDA:215,71,0,44
BRDA:217,72,0,9
BRDA:232,73,0,11
BRDA:236,74,0,64
BRDA:238,75,0,8
BRDA:238,76,0,56
BRDA:244,77,0,64
BRDA:246,78,0,5
BRDA:248,79,0,1
BRDA:249,80,0,4
BRDA:251,81,0,59
BRDA:251,82,0,3
BRDA:252,83,0,56
BRDA:252,84,0,6
BRDA:254,85,0,0
BRDA:256,86,0,50
BRDA:256,87,0,3
BRDA:257,88,0,47
BRDA:253,89,0,25
BRDA:260,90,0,48
BRDA:265,91,0,0
BRDA:270,92,0,6
BRDA:276,93,0,26
BRDA:277,94,0,6
BRDA:278,95,0,20
BRDA:278,96,0,11
BRDA:291,97,0,11
BRDA:293,98,0,2
BRDA:296,99,0,9
BRDA:298,100,0,1
BRDA:301,101,0,8
BRDA:303,102,0,1
BRDA:306,103,0,7
BRDA:308,104,0,0
BRDA:311,105,0,7
BRDA:313,106,0,0
BRDA:321,107,0,7
BRDA:327,108,0,2
BRDA:329,109,0,0
BRDA:329,110,0,0
BRDA:332,111,0,0
BRDA:334,112,0,0
BRDA:336,113,0,7
BRDA:344,114,0,7
BRDA:353,115,0,0
BRDA:354,116,0,0
BRDA:358,117,0,1
BRDA:370,118,0,3
BRDA:370,119,0,4
BRDA:371,120,0,3
BRDA:371,121,0,4
BRDA:372,122,0,3
BRDA:372,123,0,4
BRDA:377,124,0,4
BRDA:378,125,0,2
BRDA:379,126,0,2
BRDA:384,127,0,3
BRDA:384,128,0,1
BRDA:386,129,0,2
BRDA:386,130,0,1
BRDA:390,131,0,0
BRDA:356,132,0,14
BRDA:357,133,0,20
BRDA:360,134,0,15
BRDA:361,135,0,21
BRDA:362,136,0,22
BRDA:363,137,0,21
BRDA:364,138,0,21
BRDA:365,139,0,22
BRDA:366,140,0,20
BRDA:367,141,0,19
BRDA:368,142,0,22
BRDA:404,143,0,7
BRDA:411,144,0,9
BRDA:412,145,0,7
BRDA:417,146,0,0
BRDA:431,147,0,2
BRDA:440,148,0,1
BRDA:442,149,0,3
BRDA:447,150,0,1
BRDA:459,151,0,0
BRDA:472,152,0,1
BRDA:488,153,0,2
BRDA:508,154,0,1
BRDA:508,155,0,1
BRDA:515,156,0,1
BRDA:521,157,0,0
BRDA:507,158,0,9
BRDA:526,159,0,1
BRDA:537,160,0,0
BRDA:542,161,0,0
BRDA:564,162,0,5
BRDA:572,163,0,9
BRDA:573,164,0,1
BRDA:574,165,0,8
BRDA:574,166,0,3
BRDA:574,167,0,2
BRDA:574,168,0,1
BRDA:594,169,0,0
BRDA:607,170,0,0
BRDA:593,171,0,8
BRDA:593,172,0,1
BRDA:598,173,0,9
BRDA:598,174,0,1
BRDA:613,175,0,1
BRDA:635,176,0,6
BRDA:646,177,0,0
BRDA:650,178,0,0
BRDA:656,179,0,1
BRDA:672,180,0,0
BRDA:677,181,0,0
BRF:182
BRH:142
end_of_record
TN:
SF:src\codegen\typescript.ts
FN:8,generateCode
FN:65,generateImports
FN:92,getPropertyValue
FN:107,renderValue
FN:133,generateDataBlock
FN:170,inferTypeScriptType
FN:208,mapPrimitiveType
FN:222,generateFlowBlock
FN:257,generateFlowStatement
FN:326,generateRuleBlock
FN:352,generateScreenBlock
FN:400,generateAgentBlock
FN:432,generateSkillBlock
FN:476,inferSkillType
FN:485,generateApiBlock
FN:566,generateEventBlock
FN:587,generateConfigBlock
FN:605,generateExampleBlock
FN:635,generateDeployBlock
FN:649,generateMainExport
FN:671,camelCase
FNF:21
FNH:21
FNDA:6,generateCode
FNDA:6,generateImports
FNDA:54,getPropertyValue
FNDA:30,renderValue
FNDA:11,generateDataBlock
FNDA:64,inferTypeScriptType
FNDA:48,mapPrimitiveType
FNDA:4,generateFlowBlock
FNDA:55,generateFlowStatement
FNDA:6,generateRuleBlock
FNDA:1,generateScreenBlock
FNDA:2,generateAgentBlock
FNDA:3,generateSkillBlock
FNDA:9,inferSkillType
FNDA:3,generateApiBlock
FNDA:1,generateEventBlock
FNDA:3,generateConfigBlock
FNDA:7,generateExampleBlock
FNDA:6,generateDeployBlock
FNDA:6,generateMainExport
FNDA:4,camelCase
DA:1,1
DA:2,1
DA:3,1
DA:4,1
DA:5,1
DA:6,1
DA:7,1
DA:8,1
DA:9,6
DA:10,6
DA:11,6
DA:12,6
DA:13,6
DA:14,6
DA:15,6
DA:16,6
DA:17,6
DA:18,6
DA:19,6
DA:20,6
DA:21,47
DA:22,47
DA:23,11
DA:24,11
DA:25,47
DA:26,4
DA:27,4
DA:28,47
DA:29,6
DA:30,6
DA:31,47
DA:32,1
DA:33,1
DA:34,47
DA:35,2
DA:36,2
DA:37,47
DA:38,3
DA:39,3
DA:40,47
DA:41,3
DA:42,3
DA:43,47
DA:44,1
DA:45,1
DA:46,47
DA:47,3
DA:48,3
DA:49,47
DA:50,7
DA:51,7
DA:52,47
DA:53,6
DA:54,6
DA:55,47
DA:56,47
DA:57,47
DA:58,6
DA:59,6
DA:60,6
DA:61,6
DA:62,6
DA:63,6
DA:64,1
DA:65,1
DA:66,6
DA:67,6
DA:68,6
DA:69,0
DA:70,6
DA:71,0
DA:72,0
DA:73,6
DA:74,6
DA:75,6
DA:76,2
DA:77,2
DA:78,6
DA:79,6
DA:80,13
DA:81,46
DA:82,8
DA:83,5
DA:84,6
DA:85,6
DA:86,5
DA:87,5
DA:88,6
DA:89,6
DA:90,6
DA:91,1
DA:92,54
DA:93,54
DA:94,30
DA:95,30
DA:96,54
DA:97,23
DA:98,23
DA:99,23
DA:100,23
DA:101,23
DA:102,23
DA:103,23
DA:104,1
DA:105,1
DA:106,1
DA:107,30
DA:108,30
DA:109,30
DA:110,13
DA:111,30
DA:112,6
DA:113,30
DA:114,3
DA:115,30
DA:116,0
DA:117,30
DA:118,6
DA:119,0
DA:120,0
DA:121,0
DA:122,30
DA:123,2
DA:124,30
DA:125,0
DA:126,30
DA:127,0
DA:128,30
DA:129,0
DA:130,30
DA:131,30
DA:132,1
DA:133,11
DA:134,11
DA:135,11
DA:136,11
DA:137,11
DA:138,11
DA:139,64
DA:140,64
DA:141,64
DA:142,64
DA:143,11
DA:144,11
DA:145,11
DA:146,11
DA:147,11
DA:148,11
DA:149,11
DA:150,64
DA:151,64
DA:152,15
DA:153,15
DA:154,64
DA:155,64
DA:156,3
DA:157,3
DA:158,0
DA:159,0
DA:160,3
DA:161,64
DA:162,11
DA:163,11
DA:164,11
DA:165,11
DA:166,11
DA:167,11
DA:168,11
DA:169,1
DA:170,64
DA:171,64
DA:172,64
DA:173,64
DA:174,64
DA:175,64
DA:176,64
DA:177,64
DA:178,5
DA:179,5
DA:180,1
DA:181,1
DA:182,4
DA:183,4
DA:184,59
DA:185,59
DA:186,64
DA:187,3
DA:188,3
DA:189,56
DA:190,56
DA:191,64
DA:192,6
DA:193,6
DA:194,6
DA:195,6
DA:196,6
DA:197,0
DA:198,0
DA:199,50
DA:200,50
DA:201,64
DA:202,3
DA:203,3
DA:204,47
DA:205,47
DA:206,47
DA:207,1
DA:208,48
DA:209,48
DA:210,48
DA:211,48
DA:212,48
DA:213,48
DA:214,48
DA:215,48
DA:216,48
DA:217,48
DA:218,48
DA:219,48
DA:220,48
DA:221,1
DA:222,4
DA:223,4
DA:224,4
DA:225,4
DA:226,4
DA:227,4
DA:228,4
DA:229,4
DA:230,4
DA:231,14
DA:232,14
DA:233,14
DA:234,14
DA:235,14
DA:236,30
DA:237,30
DA:238,30
DA:239,14
DA:240,14
DA:241,14
DA:242,14
DA:243,14
DA:244,14
DA:245,14
DA:246,4
DA:247,4
DA:248,4
DA:249,4
DA:250,4
DA:251,4
DA:252,4
DA:253,4
DA:254,4
DA:255,4
DA:256,1
DA:257,55
DA:258,55
DA:259,55
DA:260,3
DA:261,55
DA:262,4
DA:263,0
DA:264,0
DA:265,4
DA:266,55
DA:267,0
DA:268,55
DA:269,2
DA:270,55
DA:271,0
DA:272,55
DA:273,0
DA:274,55
DA:275,3
DA:276,55
DA:277,2
DA:278,55
DA:279,1
DA:280,55
DA:281,0
DA:282,55
DA:283,0
DA:284,55
DA:285,1
DA:286,55
DA:287,1
DA:288,55
DA:289,4
DA:290,55
DA:291,1
DA:292,55
DA:293,0
DA:294,55
DA:295,0
DA:296,55
DA:297,0
DA:298,55
DA:299,1
DA:300,55
DA:301,1
DA:302,55
DA:303,0
DA:304,55
DA:305,1
DA:306,55
DA:307,2
DA:308,55
DA:309,1
DA:310,55
DA:311,1
DA:312,55
DA:313,2
DA:314,55
DA:315,1
DA:316,55
DA:317,0
DA:318,0
DA:319,0
DA:320,0
DA:321,55
DA:322,23
DA:323,55
DA:324,55
DA:325,1
DA:326,6
DA:327,6
DA:328,6
DA:329,6
DA:330,6
DA:331,6
DA:332,6
DA:333,6
DA:334,26
DA:335,26
DA:336,11
DA:337,11
DA:338,26
DA:339,5
DA:340,9
DA:341,4
DA:342,4
DA:343,26
DA:344,6
DA:345,6
DA:346,6
DA:347,6
DA:348,6
DA:349,6
DA:350,6
DA:351,1
DA:352,1
DA:353,1
DA:354,1
DA:355,1
DA:356,1
DA:357,1
DA:358,1
DA:359,1
DA:360,1
DA:361,1
DA:362,1
DA:363,1
DA:364,1
DA:365,1
DA:366,1
DA:367,1
DA:368,1
DA:369,1
DA:370,1
DA:371,1
DA:372,5
DA:373,5
DA:374,5
DA:375,5
DA:376,3
DA:377,3
DA:378,3
DA:379,3
DA:380,3
DA:381,0
DA:382,0
DA:383,3
DA:384,5
DA:385,5
DA:386,8
DA:387,3
DA:388,3
DA:389,8
DA:390,5
DA:391,5
DA:392,1
DA:393,1
DA:394,1
DA:395,1
DA:396,1
DA:397,1
DA:398,1
DA:399,1
DA:400,2
DA:401,2
DA:402,2
DA:403,2
DA:404,2
DA:405,2
DA:406,2
DA:407,2
DA:408,2
DA:409,2
DA:410,2
DA:411,2
DA:412,2
DA:413,2
DA:414,2
DA:415,2
DA:416,2
DA:417,4
DA:418,4
DA:419,15
DA:420,15
DA:421,15
DA:422,4
DA:423,4
DA:424,2
DA:425,2
DA:426,2
DA:427,2
DA:428,2
DA:429,2
DA:430,2
DA:431,1
DA:432,3
DA:433,3
DA:434,3
DA:435,3
DA:436,3
DA:437,3
DA:438,3
DA:439,3
DA:440,3
DA:441,3
DA:442,3
DA:443,3
DA:444,6
DA:445,6
DA:446,6
DA:447,6
DA:448,6
DA:449,3
DA:450,3
DA:451,3
DA:452,3
DA:453,3
DA:454,3
DA:455,3
DA:456,3
DA:457,3
DA:458,3
DA:459,3
DA:460,3
DA:461,3
DA:462,10
DA:463,10
DA:464,10
DA:465,3
DA:466,3
DA:467,3
DA:468,3
DA:469,3
DA:470,3
DA:471,3
DA:472,3
DA:473,3
DA:474,3
DA:475,1
DA:476,9
DA:477,9
DA:478,9
DA:479,9
DA:480,9
DA:481,9
DA:482,9
DA:483,9
DA:484,1
DA:485,3
DA:486,3
DA:487,3
DA:488,3
DA:489,2
DA:490,2
DA:491,2
DA:492,0
DA:493,2
DA:494,0
DA:495,2
DA:496,2
DA:497,2
DA:498,2
DA:499,2
DA:500,2
DA:501,7
DA:502,7
DA:503,7
DA:504,7
DA:505,7
DA:506,7
DA:507,7
DA:508,7
DA:509,7
DA:510,22
DA:511,6
DA:512,22
DA:513,3
DA:514,16
DA:515,2
DA:516,13
DA:517,1
DA:518,11
DA:519,2
DA:520,10
DA:521,2
DA:522,8
DA:523,1
DA:524,6
DA:525,1
DA:526,5
DA:527,1
DA:528,4
DA:529,1
DA:530,3
DA:531,2
DA:532,2
DA:533,2
DA:534,2
DA:535,2
DA:536,2
DA:537,22
DA:538,7
DA:539,7
DA:540,7
DA:541,2
DA:542,2
DA:543,2
DA:544,2
DA:545,2
DA:546,3
DA:547,1
DA:548,1
DA:549,1
DA:550,1
DA:551,5
DA:552,3
DA:553,3
DA:554,3
DA:555,3
DA:556,3
DA:557,3
DA:558,3
DA:559,5
DA:560,1
DA:561,1
DA:562,3
DA:563,3
DA:564,3
DA:565,1
DA:566,1
DA:567,1
DA:568,1
DA:569,1
DA:570,1
DA:571,1
DA:572,1
DA:573,1
DA:574,1
DA:575,1
DA:576,1
DA:577,1
DA:578,1
DA:579,1
DA:580,1
DA:581,1
DA:582,1
DA:583,1
DA:584,1
DA:585,1
DA:586,1
DA:587,3
DA:588,3
DA:589,3
DA:590,3
DA:591,3
DA:592,3
DA:593,11
DA:594,0
DA:595,0
DA:596,11
DA:597,11
DA:598,11
DA:599,11
DA:600,3
DA:601,3
DA:602,3
DA:603,3
DA:604,1
DA:605,7
DA:606,7
DA:607,7
DA:608,7
DA:609,7
DA:610,7
DA:611,7
DA:612,7
DA:613,7
DA:614,7
DA:615,7
DA:616,7
DA:617,7
DA:618,6
DA:619,6
DA:620,6
DA:621,6
DA:622,7
DA:623,7
DA:624,7
DA:625,7
DA:626,7
DA:627,7
DA:628,7
DA:629,7
DA:630,7
DA:631,7
DA:632,7
DA:633,7
DA:634,1
DA:635,6
DA:636,6
DA:637,6
DA:638,6
DA:639,6
DA:640,6
DA:641,6
DA:642,16
DA:643,16
DA:644,6
DA:645,6
DA:646,6
DA:647,6
DA:648,1
DA:649,6
DA:650,6
DA:651,6
DA:652,6
DA:653,6
DA:654,6
DA:655,6
DA:656,6
DA:657,6
DA:658,6
DA:659,6
DA:660,6
DA:661,6
DA:662,6
DA:663,6
DA:664,2
DA:665,2
DA:666,6
DA:667,6
DA:668,6
DA:669,6
DA:670,1
DA:671,4
DA:672,4
DA:673,4
LF:673
LH:638
BRDA:8,0,0,6
BRDA:20,1,0,47
BRDA:22,2,0,11
BRDA:25,3,0,4
BRDA:28,4,0,6
BRDA:31,5,0,1
BRDA:34,6,0,2
BRDA:37,7,0,3
BRDA:40,8,0,3
BRDA:43,9,0,1
BRDA:46,10,0,3
BRDA:49,11,0,7
BRDA:52,12,0,6
BRDA:65,13,0,6
BRDA:68,14,0,0
BRDA:70,15,0,0
BRDA:75,16,0,2
BRDA:85,17,0,5
BRDA:74,18,0,38
BRDA:79,19,0,13
BRDA:80,20,0,8
BRDA:83,21,0,5
BRDA:80,22,0,46
BRDA:81,23,0,80
BRDA:81,24,0,46
BRDA:92,25,0,54
BRDA:93,26,0,30
BRDA:96,27,0,24
BRDA:96,28,0,23
BRDA:104,29,0,1
BRDA:97,30,0,23
BRDA:98,31,0,0
BRDA:99,32,0,0
BRDA:100,33,0,0
BRDA:107,34,0,30
BRDA:109,35,0,13
BRDA:111,36,0,6
BRDA:113,37,0,3
BRDA:114,38,0,0
BRDA:115,39,0,0
BRDA:117,40,0,6
BRDA:119,41,0,0
BRDA:122,42,0,2
BRDA:124,43,0,0
BRDA:126,44,0,0
BRDA:128,45,0,0
BRDA:133,46,0,11
BRDA:138,47,0,64
BRDA:141,48,0,0
BRDA:149,49,0,64
BRDA:151,50,0,15
BRDA:155,51,0,9
BRDA:155,52,0,3
BRDA:157,53,0,0
BRDA:140,54,0,111
BRDA:140,55,0,8
BRDA:150,56,0,111
BRDA:154,57,0,64
BRDA:170,58,0,64
BRDA:172,59,0,0
BRDA:177,60,0,5
BRDA:179,61,0,1
BRDA:182,62,0,4
BRDA:184,63,0,59
BRDA:186,64,0,3
BRDA:189,65,0,56
BRDA:191,66,0,6
BRDA:197,67,0,0
BRDA:199,68,0,50
BRDA:201,69,0,3
BRDA:204,70,0,47
BRDA:171,71,0,64
BRDA:192,72,0,12
BRDA:194,73,0,25
BRDA:208,74,0,48
BRDA:210,75,0,15
BRDA:211,76,0,6
BRDA:212,77,0,3
BRDA:213,78,0,2
BRDA:214,79,0,9
BRDA:215,80,0,9
BRDA:216,81,0,0
BRDA:217,82,0,4
BRDA:218,83,0,0
BRDA:222,84,0,4
BRDA:230,85,0,14
BRDA:235,86,0,30
BRDA:237,87,0,27
BRDA:257,88,0,55
BRDA:259,89,0,3
BRDA:261,90,0,4
BRDA:262,91,0,0
BRDA:266,92,0,0
BRDA:268,93,0,2
BRDA:270,94,0,0
BRDA:272,95,0,0
BRDA:274,96,0,3
BRDA:276,97,0,2
BRDA:278,98,0,1
BRDA:280,99,0,0
BRDA:282,100,0,0
BRDA:284,101,0,1
BRDA:286,102,0,1
BRDA:288,103,0,4
BRDA:290,104,0,1
BRDA:292,105,0,0
BRDA:294,106,0,0
BRDA:296,107,0,0
BRDA:298,108,0,1
BRDA:300,109,0,1
BRDA:302,110,0,0
BRDA:304,111,0,1
BRDA:306,112,0,2
BRDA:308,113,0,1
BRDA:310,114,0,1
BRDA:312,115,0,2
BRDA:314,116,0,1
BRDA:316,117,0,0
BRDA:321,118,0,23
BRDA:326,119,0,6
BRDA:333,120,0,26
BRDA:334,121,0,6
BRDA:335,122,0,20
BRDA:335,123,0,11
BRDA:338,124,0,9
BRDA:338,125,0,5
BRDA:340,126,0,4
BRDA:352,127,0,1
BRDA:358,128,0,0
BRDA:371,129,0,5
BRDA:375,130,0,3
BRDA:380,131,0,0
BRDA:380,132,0,0
BRDA:385,133,0,8
BRDA:386,134,0,3
BRDA:357,135,0,1
BRDA:366,136,0,2
BRDA:374,137,0,6
BRDA:377,138,0,4
BRDA:400,139,0,2
BRDA:412,140,0,1
BRDA:416,141,0,4
BRDA:418,142,0,15
BRDA:420,143,0,14
BRDA:404,144,0,2
BRDA:405,145,0,4
BRDA:406,146,0,6
BRDA:432,147,0,3
BRDA:441,148,0,1
BRDA:443,149,0,6
BRDA:447,150,0,0
BRDA:454,151,0,0
BRDA:461,152,0,10
BRDA:438,153,0,12
BRDA:439,154,0,12
BRDA:459,155,0,12
BRDA:476,156,0,9
BRDA:477,157,0,0
BRDA:478,158,0,0
BRDA:479,159,0,0
BRDA:480,160,0,0
BRDA:481,161,0,0
BRDA:485,162,0,3
BRDA:488,163,0,2
BRDA:489,164,0,0
BRDA:491,165,0,0
BRDA:493,166,0,0
BRDA:500,167,0,7
BRDA:502,168,0,0
BRDA:509,169,0,22
BRDA:510,170,0,6
BRDA:512,171,0,16
BRDA:512,172,0,3
BRDA:514,173,0,13
BRDA:514,174,0,2
BRDA:516,175,0,11
BRDA:516,176,0,1
BRDA:518,177,0,10
BRDA:518,178,0,2
BRDA:520,179,0,8
BRDA:520,180,0,2
BRDA:522,181,0,6
BRDA:522,182,0,1
BRDA:524,183,0,5
BRDA:524,184,0,1
BRDA:526,185,0,4
BRDA:526,186,0,1
BRDA:528,187,0,3
BRDA:528,188,0,1
BRDA:530,189,0,2
BRDA:546,190,0,1
BRDA:547,191,0,0
BRDA:550,192,0,5
BRDA:551,193,0,3
BRDA:553,194,0,0
BRDA:553,195,0,3
BRDA:566,196,0,1
BRDA:570,197,0,1
BRDA:587,198,0,3
BRDA:592,199,0,11
BRDA:593,200,0,7
BRDA:593,201,0,0
BRDA:593,202,0,0
BRDA:605,203,0,7
BRDA:617,204,0,6
BRDA:619,205,0,13
BRDA:627,206,0,15
BRDA:613,207,0,35
BRDA:614,208,0,35
BRDA:615,209,0,35
BRDA:635,210,0,6
BRDA:641,211,0,16
BRDA:649,212,0,6
BRDA:663,213,0,2
BRDA:657,214,0,47
BRDA:659,215,0,11
BRDA:662,216,0,47
BRDA:664,217,0,4
BRDA:671,218,0,4
BRF:219
BRH:173
end_of_record
